Building DAG of jobs...
Using shell: /cvmfs/soft.computecanada.ca/gentoo/2023/x86-64-v3/usr/bin/bash
Provided remote nodes: 1
Provided resources: mem_mb=50000, mem_mib=47684, disk_mb=1000, disk_mib=954, nodes=1
Conda environments: ignored
Select jobs to execute...
Execute 1 jobs...

[Mon Jul 22 11:45:41 2024]
rule extract:
    output: /scratch/oumou/ESPO-G6-SNAKEMAKE/ESPO-G_workdir/CMIP6_ScenarioMIP_AS-RCEC_TaiESM1_ssp585_r1i1p1f1_global_north_nodup_extracted.zarr
    log: logs/extract_CMIP6_ScenarioMIP_AS-RCEC_TaiESM1_ssp585_r1i1p1f1_global_north_nodup
    jobid: 0
    reason: Forced execution
    wildcards: sim_id=CMIP6_ScenarioMIP_AS-RCEC_TaiESM1_ssp585_r1i1p1f1_global, region=north_nodup
    threads: 10
    resources: mem_mb=50000, mem_mib=47684, disk_mb=1000, disk_mib=954, tmpdir=<TBD>, slurm_partition=c-frigon, runtime=120, constraint=genoa, slurm_account=ctb-frigon_cpu, mpi=mpiexec, nodes=1

[nc31405:115915:a:116060]    ib_iface.c:746  Assertion `gid->global.interface_id != 0' failed
==== backtrace (tid: 116060) ====
 0 0x000000000001e2d0 uct_ib_iface_fill_ah_attr_from_gid_lid()  /tmp/ebuser/avx2/UCX/1.14.1/GCCcore-12.3.0/ucx-1.14.1/src/uct/ib/base/ib_iface.c:746
 1 0x000000000001e341 uct_ib_iface_fill_ah_attr_from_addr()  /tmp/ebuser/avx2/UCX/1.14.1/GCCcore-12.3.0/ucx-1.14.1/src/uct/ib/base/ib_iface.c:785
 2 0x0000000000063426 uct_ud_mlx5_iface_get_av()  /tmp/ebuser/avx2/UCX/1.14.1/GCCcore-12.3.0/ucx-1.14.1/src/uct/ib/ud/accel/ud_mlx5_common.c:48
 3 0x00000000000638f8 uct_ud_mlx5_iface_unpack_peer_address()  /tmp/ebuser/avx2/UCX/1.14.1/GCCcore-12.3.0/ucx-1.14.1/src/uct/ib/ud/accel/ud_mlx5.c:650
 4 0x0000000000059f23 uct_ud_iface_unpack_peer_address()  /tmp/ebuser/avx2/UCX/1.14.1/GCCcore-12.3.0/ucx-1.14.1/src/uct/ib/ud/base/ud_iface.h:524
 5 0x0000000000059f23 uct_ud_iface_cep_get_peer_address()  /tmp/ebuser/avx2/UCX/1.14.1/GCCcore-12.3.0/ucx-1.14.1/src/uct/ib/ud/base/ud_iface.c:50
 6 0x000000000005a14a uct_ud_iface_cep_get_ep()  /tmp/ebuser/avx2/UCX/1.14.1/GCCcore-12.3.0/ucx-1.14.1/src/uct/ib/ud/base/ud_iface.c:134
 7 0x000000000005ddc8 uct_ud_ep_rx_creq()  /tmp/ebuser/avx2/UCX/1.14.1/GCCcore-12.3.0/ucx-1.14.1/src/uct/ib/ud/base/ud_ep.c:802
 8 0x000000000005ddc8 uct_ud_ep_process_rx()  /tmp/ebuser/avx2/UCX/1.14.1/GCCcore-12.3.0/ucx-1.14.1/src/uct/ib/ud/base/ud_ep.c:993
 9 0x0000000000067b12 uct_ud_mlx5_iface_poll_rx()  /tmp/ebuser/avx2/UCX/1.14.1/GCCcore-12.3.0/ucx-1.14.1/src/uct/ib/ud/accel/ud_mlx5.c:527
10 0x0000000000067b12 uct_ud_mlx5_iface_async_progress()  /tmp/ebuser/avx2/UCX/1.14.1/GCCcore-12.3.0/ucx-1.14.1/src/uct/ib/ud/accel/ud_mlx5.c:604
11 0x00000000000635db uct_ud_iface_async_progress()  /tmp/ebuser/avx2/UCX/1.14.1/GCCcore-12.3.0/ucx-1.14.1/src/uct/ib/ud/base/ud_inl.h:274
12 0x00000000000635db uct_ud_mlx5_iface_async_handler()  /tmp/ebuser/avx2/UCX/1.14.1/GCCcore-12.3.0/ucx-1.14.1/src/uct/ib/ud/accel/ud_mlx5.c:707
13 0x00000000000170ec ucs_async_handler_invoke()  /tmp/ebuser/avx2/UCX/1.14.1/GCCcore-12.3.0/ucx-1.14.1/src/ucs/async/async.c:252
14 0x00000000000170ec ucs_async_handler_dispatch()  /tmp/ebuser/avx2/UCX/1.14.1/GCCcore-12.3.0/ucx-1.14.1/src/ucs/async/async.c:274
15 0x00000000000171fc ucs_async_dispatch_handlers()  /tmp/ebuser/avx2/UCX/1.14.1/GCCcore-12.3.0/ucx-1.14.1/src/ucs/async/async.c:306
16 0x0000000000019b36 ucs_async_thread_ev_handler()  /tmp/ebuser/avx2/UCX/1.14.1/GCCcore-12.3.0/ucx-1.14.1/src/ucs/async/thread.c:88
17 0x0000000000032301 ucs_event_set_wait()  /tmp/ebuser/avx2/UCX/1.14.1/GCCcore-12.3.0/ucx-1.14.1/src/ucs/sys/event_set.c:215
18 0x000000000001a220 ucs_async_thread_func()  /tmp/ebuser/avx2/UCX/1.14.1/GCCcore-12.3.0/ucx-1.14.1/src/ucs/async/thread.c:131
19 0x0000000000084a9d pthread_condattr_setpshared()  ???:0
20 0x0000000000104fc0 __clone()  ???:0
=================================
[nc31405:115915] *** Process received signal ***
[nc31405:115915] Signal: Aborted (6)
[nc31405:115915] Signal code:  (-6)
[nc31405:115915] [ 0] /cvmfs/soft.computecanada.ca/gentoo/2023/x86-64-v3/usr/lib64/libc.so.6(+0x38790)[0x154a1d602790]
[nc31405:115915] [ 1] /cvmfs/soft.computecanada.ca/gentoo/2023/x86-64-v3/usr/lib64/libc.so.6(+0x867ac)[0x154a1d6507ac]
[nc31405:115915] [ 2] /cvmfs/soft.computecanada.ca/gentoo/2023/x86-64-v3/usr/lib64/libc.so.6(gsignal+0x12)[0x154a1d6026f2]
[nc31405:115915] [ 3] /cvmfs/soft.computecanada.ca/gentoo/2023/x86-64-v3/usr/lib64/libc.so.6(abort+0xd3)[0x154a1d5ec4b2]
[nc31405:115915] [ 4] /cvmfs/soft.computecanada.ca/easybuild/software/2023/x86-64-v3/Compiler/gcccore/ucx/1.14.1/lib/libucs.so.0(+0x26e2b)[0x1549f9616e2b]
[nc31405:115915] [ 5] /cvmfs/soft.computecanada.ca/easybuild/software/2023/x86-64-v3/Compiler/gcccore/ucx/1.14.1/lib/libucs.so.0(+0x26f11)[0x1549f9616f11]
[nc31405:115915] [ 6] /cvmfs/soft.computecanada.ca/easybuild/software/2023/x86-64-v3/Compiler/gcccore/ucx/1.14.1/lib/ucx/libuct_ib.so.0(uct_ib_iface_fill_ah_attr_from_gid_lid+0x1b0)[0x1549f88c92d0]
[nc31405:115915] [ 7] /cvmfs/soft.computecanada.ca/easybuild/software/2023/x86-64-v3/Compiler/gcccore/ucx/1.14.1/lib/ucx/libuct_ib.so.0(uct_ib_iface_fill_ah_attr_from_addr+0x61)[0x1549f88c9341]
[nc31405:115915] [ 8] /cvmfs/soft.computecanada.ca/easybuild/software/2023/x86-64-v3/Compiler/gcccore/ucx/1.14.1/lib/ucx/libuct_ib.so.0(uct_ud_mlx5_iface_get_av+0x56)[0x1549f890e426]
[nc31405:115915] [ 9] /cvmfs/soft.computecanada.ca/easybuild/software/2023/x86-64-v3/Compiler/gcccore/ucx/1.14.1/lib/ucx/libuct_ib.so.0(+0x638f8)[0x1549f890e8f8]
[nc31405:115915] [10] /cvmfs/soft.computecanada.ca/easybuild/software/2023/x86-64-v3/Compiler/gcccore/ucx/1.14.1/lib/ucx/libuct_ib.so.0(uct_ud_iface_cep_get_peer_address+0x13)[0x1549f8904f23]
[nc31405:115915] [11] /cvmfs/soft.computecanada.ca/easybuild/software/2023/x86-64-v3/Compiler/gcccore/ucx/1.14.1/lib/ucx/libuct_ib.so.0(uct_ud_iface_cep_get_ep+0x5a)[0x1549f890514a]
[nc31405:115915] [12] /cvmfs/soft.computecanada.ca/easybuild/software/2023/x86-64-v3/Compiler/gcccore/ucx/1.14.1/lib/ucx/libuct_ib.so.0(uct_ud_ep_process_rx+0x368)[0x1549f8908dc8]
[nc31405:115915] [13] /cvmfs/soft.computecanada.ca/easybuild/software/2023/x86-64-v3/Compiler/gcccore/ucx/1.14.1/lib/ucx/libuct_ib.so.0(+0x67b12)[0x1549f8912b12]
[nc31405:115915] [14] /cvmfs/soft.computecanada.ca/easybuild/software/2023/x86-64-v3/Compiler/gcccore/ucx/1.14.1/lib/ucx/libuct_ib.so.0(+0x635db)[0x1549f890e5db]
[nc31405:115915] [15] /cvmfs/soft.computecanada.ca/easybuild/software/2023/x86-64-v3/Compiler/gcccore/ucx/1.14.1/lib/libucs.so.0(+0x170ec)[0x1549f96070ec]
[nc31405:115915] [16] /cvmfs/soft.computecanada.ca/easybuild/software/2023/x86-64-v3/Compiler/gcccore/ucx/1.14.1/lib/libucs.so.0(ucs_async_dispatch_handlers+0x3c)[0x1549f96071fc]
[nc31405:115915] [17] /cvmfs/soft.computecanada.ca/easybuild/software/2023/x86-64-v3/Compiler/gcccore/ucx/1.14.1/lib/libucs.so.0(+0x19b36)[0x1549f9609b36]
[nc31405:115915] [18] /cvmfs/soft.computecanada.ca/easybuild/software/2023/x86-64-v3/Compiler/gcccore/ucx/1.14.1/lib/libucs.so.0(ucs_event_set_wait+0xb1)[0x1549f9622301]
[nc31405:115915] [19] /cvmfs/soft.computecanada.ca/easybuild/software/2023/x86-64-v3/Compiler/gcccore/ucx/1.14.1/lib/libucs.so.0(+0x1a220)[0x1549f960a220]
[nc31405:115915] [20] /cvmfs/soft.computecanada.ca/gentoo/2023/x86-64-v3/usr/lib64/libc.so.6(+0x84a9d)[0x154a1d64ea9d]
[nc31405:115915] [21] /cvmfs/soft.computecanada.ca/gentoo/2023/x86-64-v3/usr/lib64/libc.so.6(__clone+0x40)[0x154a1d6cefc0]
[nc31405:115915] *** End of error message ***
[Mon Jul 22 11:45:47 2024]
Error in rule extract:
    jobid: 0
    output: /scratch/oumou/ESPO-G6-SNAKEMAKE/ESPO-G_workdir/CMIP6_ScenarioMIP_AS-RCEC_TaiESM1_ssp585_r1i1p1f1_global_north_nodup_extracted.zarr
    log: logs/extract_CMIP6_ScenarioMIP_AS-RCEC_TaiESM1_ssp585_r1i1p1f1_global_north_nodup (check log file(s) for error details)
    conda-env: /project/ctb-frigon/oumou/ouranos_commun/config_xscen0.9.0_env_slurm_with_snakemake.sh

Shutting down, this might take some time.
Exiting because a job execution failed. Look above for error message
Storing output in storage.
WorkflowError:
At least one job did not complete successfully.
