Building DAG of jobs...
Using shell: /cvmfs/soft.computecanada.ca/gentoo/2023/x86-64-v3/usr/bin/bash
Provided cores: 10
Rules claiming more threads will be scaled down.
Provided resources: mem_mb=50000, mem_mib=47684, disk_mb=1000, disk_mib=954, time=5
Select jobs to execute...
Execute 1 jobs...

[Fri Jul 26 12:59:01 2024]
localrule reference_DEFAULT:
    output: /project/ctb-frigon/oumou/ESPO-G6-SNAKEMAKE/reference/ref_middle_nodup_default.zarr
    jobid: 0
    reason: Forced execution
    wildcards: region=middle_nodup
    threads: 10
    resources: mem_mb=50000, mem_mib=47684, disk_mb=1000, disk_mib=954, tmpdir=/tmp, qos=high_priority, time=5

/home/oumou/.local/lib/python3.11/site-packages/distributed/node.py:182: UserWarning: Port 2051 is already in use.
Perhaps you already have a cluster running?
Hosting the HTTP server on port 45931 instead
2024-07-26 12:59:11 INFO     xscen.extract   Catalog opened: <reconstruction catalog with 4 dataset(s) from 6834 asset(s)> from 1 files.
/home/oumou/.local/lib/python3.11/site-packages/xclim/core/indicator.py:255: UserWarning: Class conversions.WIND_SPEED_FROM_VECTOR already exists and will be overwritten.
/home/oumou/.local/lib/python3.11/site-packages/xclim/core/indicator.py:255: UserWarning: Class conversions.WIND_VECTOR_FROM_SPEED already exists and will be overwritten.
/home/oumou/.local/lib/python3.11/site-packages/xclim/core/indicator.py:255: UserWarning: Class conversions.TAS_MIDPOINT already exists and will be overwritten.
/home/oumou/.local/lib/python3.11/site-packages/xclim/core/indicator.py:255: UserWarning: Class conversions.RELATIVE_HUMIDITY_FROM_DEWPOINT already exists and will be overwritten.
/home/oumou/.local/lib/python3.11/site-packages/xclim/core/indicator.py:255: UserWarning: Class conversions.SPECIFIC_HUMIDITY already exists and will be overwritten.
/home/oumou/.local/lib/python3.11/site-packages/xclim/core/indicator.py:255: UserWarning: Class conversions.SNOWFALL_APPROXIMATION already exists and will be overwritten.
/home/oumou/.local/lib/python3.11/site-packages/xclim/core/indicator.py:255: UserWarning: Class conversions.RAIN_APPROXIMATION already exists and will be overwritten.
/home/oumou/.local/lib/python3.11/site-packages/xclim/core/indicator.py:255: UserWarning: Class conversions.PRECIPITATION already exists and will be overwritten.
/home/oumou/.local/lib/python3.11/site-packages/xclim/core/indicator.py:255: UserWarning: Class conversions.POTENTIAL_EVAPOTRANSPIRATION already exists and will be overwritten.
/home/oumou/.local/lib/python3.11/site-packages/xclim/core/indicator.py:255: UserWarning: Class conversions.DTR already exists and will be overwritten.
/home/oumou/.local/lib/python3.11/site-packages/xclim/core/indicator.py:255: UserWarning: Class conversions.TASMIN_FROM_DTR already exists and will be overwritten.
/home/oumou/.local/lib/python3.11/site-packages/xclim/core/indicator.py:255: UserWarning: Class conversions.TASMAX_FROM_DTR already exists and will be overwritten.
2024-07-26 12:59:11 INFO     xscen.extract   6826 assets matched the criteria : {'source': 'ERA5-Land'}.
2024-07-26 12:59:11 INFO     xscen.extract   Iterating over 1 potential datasets.
2024-07-26 12:59:11 INFO     xscen.extract   Found 1 with all variables requested and corresponding to the criteria.
/home/oumou/.local/lib/python3.11/site-packages/xclim/core/cfchecks.py:42: UserWarning: Variable has a non-conforming cell_methods: Got `time: point`, which do not include the expected `time: minimum`
/home/oumou/.local/lib/python3.11/site-packages/xclim/core/cfchecks.py:42: UserWarning: Variable has a non-conforming cell_methods: Got `time: point`, which do not include the expected `time: maximum`
[Fri Jul 26 12:59:18 2024]
Finished job 0.
1 of 1 steps (100%) done
Storing output in storage.
