Building DAG of jobs...
Using shell: /cvmfs/soft.computecanada.ca/gentoo/2023/x86-64-v3/usr/bin/bash
Provided cores: 15
Rules claiming more threads will be scaled down.
Provided resources: mem_mb=60000, mem_mib=57221, disk_mb=1000, disk_mib=954, time=5
Select jobs to execute...
Execute 1 jobs...

[Fri Jul 26 13:56:11 2024]
localrule diag_improved_et_heatmap:
    input: /scratch/oumou/ESPO-G6-SNAKEMAKE/ESPO-G_workdir/DIAGNOSTICS_diag-sim-meas_CMIP6_ScenarioMIP_AS-RCEC_TaiESM1_ssp585_r1i1p1f1_global_middle_nodup.zarr, /scratch/oumou/ESPO-G6-SNAKEMAKE/ESPO-G_workdir/DIAGNOSTICS_diag-scen-meas_CMIP6_ScenarioMIP_AS-RCEC_TaiESM1_ssp585_r1i1p1f1_global_middle_nodup.zarr
    output: /scratch/oumou/ESPO-G6-SNAKEMAKE/ESPO-G_workdir/DIAGNOCTICS_diag-heatmap_CMIP6_ScenarioMIP_AS-RCEC_TaiESM1_ssp585_r1i1p1f1_global_middle_nodup.zarr, /scratch/oumou/ESPO-G6-SNAKEMAKE/ESPO-G_workdir/DIAGNOCTICS_diag-improved_CMIP6_ScenarioMIP_AS-RCEC_TaiESM1_ssp585_r1i1p1f1_global_middle_nodup.zarr
    jobid: 0
    reason: Forced execution
    wildcards: sim_id=CMIP6_ScenarioMIP_AS-RCEC_TaiESM1_ssp585_r1i1p1f1_global, region=middle_nodup
    threads: 15
    resources: mem_mb=60000, mem_mib=57221, disk_mb=1000, disk_mib=954, tmpdir=/tmp, qos=high_priority, time=5

/home/oumou/.local/lib/python3.11/site-packages/distributed/node.py:182: UserWarning: Port 2051 is already in use.
Perhaps you already have a cluster running?
Hosting the HTTP server on port 44975 instead
2024-07-26 13:56:21 INFO     xscen           {'region_name': 'middle_nodup', 'sim_id': 'CMIP6_ScenarioMIP_AS-RCEC_TaiESM1_ssp585_r1i1p1f1_global'}
2024-07-26 13:56:21 INFO     xscen           Started process diagnostics.
2024-07-26 13:56:22 INFO     xscen           Process diagnostics done in 1.31 s
[Fri Jul 26 13:56:24 2024]
Finished job 0.
1 of 1 steps (100%) done
Storing output in storage.
