Building DAG of jobs...
Using shell: /cvmfs/soft.computecanada.ca/gentoo/2023/x86-64-v3/usr/bin/bash
Provided cores: 15
Rules claiming more threads will be scaled down.
Provided resources: mem_mb=60000, mem_mib=57221, disk_mb=1000, disk_mib=954, time=5
Select jobs to execute...
Execute 1 jobs...

[Fri Jul 26 13:13:37 2024]
localrule diag_improved_et_heatmap:
    input: /scratch/oumou/ESPO-G6-SNAKEMAKE/ESPO-G_workdir/DIAGNOSTICS_diag-sim-meas_CMIP6_ScenarioMIP_AS-RCEC_TaiESM1_ssp585_r1i1p1f1_global_north_nodup.zarr, /scratch/oumou/ESPO-G6-SNAKEMAKE/ESPO-G_workdir/DIAGNOSTICS_diag-scen-meas_CMIP6_ScenarioMIP_AS-RCEC_TaiESM1_ssp585_r1i1p1f1_global_north_nodup.zarr
    output: /scratch/oumou/ESPO-G6-SNAKEMAKE/ESPO-G_workdir/DIAGNOCTICS_diag-heatmap_CMIP6_ScenarioMIP_AS-RCEC_TaiESM1_ssp585_r1i1p1f1_global_north_nodup.zarr, /scratch/oumou/ESPO-G6-SNAKEMAKE/ESPO-G_workdir/DIAGNOCTICS_diag-improved_CMIP6_ScenarioMIP_AS-RCEC_TaiESM1_ssp585_r1i1p1f1_global_north_nodup.zarr
    log: logs/diag_improved_et_heatmap_CMIP6_ScenarioMIP_AS-RCEC_TaiESM1_ssp585_r1i1p1f1_global_north_nodup
    jobid: 0
    reason: Forced execution
    wildcards: sim_id=CMIP6_ScenarioMIP_AS-RCEC_TaiESM1_ssp585_r1i1p1f1_global, region=north_nodup
    threads: 15
    resources: mem_mb=60000, mem_mib=57221, disk_mb=1000, disk_mib=954, tmpdir=/tmp, qos=high_priority, time=5

/cvmfs/soft.computecanada.ca/easybuild/software/2023/x86-64-v3/Compiler/gcccore/python/3.11.5/lib/python3.11/contextlib.py:144: UserWarning: Creating scratch directories is taking a surprisingly long time. (1.08s) This is often due to running workers on a network file system. Consider specifying a local-directory to point workers to write scratch data to a local disk.
/cvmfs/soft.computecanada.ca/easybuild/software/2023/x86-64-v3/Compiler/gcccore/python/3.11.5/lib/python3.11/contextlib.py:144: UserWarning: Creating scratch directories is taking a surprisingly long time. (1.60s) This is often due to running workers on a network file system. Consider specifying a local-directory to point workers to write scratch data to a local disk.
2024-07-26 13:13:47 INFO     xscen           {'region_name': 'north_nodup', 'sim_id': 'CMIP6_ScenarioMIP_AS-RCEC_TaiESM1_ssp585_r1i1p1f1_global'}
2024-07-26 13:13:47 INFO     xscen           Started process diagnostics.
2024-07-26 13:13:49 INFO     xscen           Process diagnostics done in 1.85 s
[Fri Jul 26 13:13:51 2024]
Finished job 0.
1 of 1 steps (100%) done
Storing output in storage.
