Building DAG of jobs...
Using shell: /cvmfs/soft.computecanada.ca/gentoo/2023/x86-64-v3/usr/bin/bash
Provided cores: 15
Rules claiming more threads will be scaled down.
Provided resources: mem_mb=60000, mem_mib=57221, disk_mb=1000, disk_mib=954, time=5
Select jobs to execute...
Execute 1 jobs...

[Fri Jul 26 13:02:42 2024]
localrule off_diag_ref_prop:
    input: /project/ctb-frigon/oumou/ESPO-G6-SNAKEMAKE/reference/ref_middle_nodup_default.zarr
    output: /scratch/oumou/ESPO-G6-SNAKEMAKE/ESPO-G_workdir/off-diag-ref-prop_CMIP6_ScenarioMIP_AS-RCEC_TaiESM1_ssp585_r1i1p1f1_global_Magtogoek.zarr
    log: logs/off_diag_ref_prop_ref_CMIP6_ScenarioMIP_AS-RCEC_TaiESM1_ssp585_r1i1p1f1_global_Magtogoek
    jobid: 0
    reason: Forced execution
    wildcards: sim_id=CMIP6_ScenarioMIP_AS-RCEC_TaiESM1_ssp585_r1i1p1f1_global, dom_name=Magtogoek
    threads: 15
    resources: mem_mb=60000, mem_mib=57221, disk_mb=1000, disk_mib=954, tmpdir=/tmp, qos=high_priority, time=5

2024-07-26 13:02:46 INFO     xscen           {'step': 'ref', 'dom_name': 'Magtogoek', 'sim_id': 'CMIP6_ScenarioMIP_AS-RCEC_TaiESM1_ssp585_r1i1p1f1_global'}
/home/oumou/.local/lib/python3.11/site-packages/distributed/node.py:182: UserWarning: Port 2051 is already in use.
Perhaps you already have a cluster running?
Hosting the HTTP server on port 46515 instead
/cvmfs/soft.computecanada.ca/easybuild/software/2023/x86-64-v3/Compiler/gcccore/python/3.11.5/lib/python3.11/contextlib.py:144: UserWarning: Creating scratch directories is taking a surprisingly long time. (1.12s) This is often due to running workers on a network file system. Consider specifying a local-directory to point workers to write scratch data to a local disk.
/cvmfs/soft.computecanada.ca/easybuild/software/2023/x86-64-v3/Compiler/gcccore/python/3.11.5/lib/python3.11/contextlib.py:144: UserWarning: Creating scratch directories is taking a surprisingly long time. (1.30s) This is often due to running workers on a network file system. Consider specifying a local-directory to point workers to write scratch data to a local disk.
2024-07-26 13:02:53 INFO     xscen           Started process off-diag Magtogoek ref CMIP6_ScenarioMIP_AS-RCEC_TaiESM1_ssp585_r1i1p1f1_global.
2024-07-26 13:02:53 INFO     xscen.utils     Dataset unstacked using /project/ctb-frigon/oumou/ESPO-G6-SNAKEMAKE/coords/coords_middle_nodup_20x101.nc.
/home/oumou/.local/lib/python3.11/site-packages/xscen/utils.py:451: FutureWarning: the `pandas.MultiIndex` object(s) passed as 'loc' coordinate(s) or data variable(s) will no longer be implicitly promoted and wrapped into multiple indexed coordinates in the future (i.e., one coordinate for each multi-index level + one dimension coordinate). If you want to keep this behavior, you need to first wrap it explicitly using `mindex_coords = xarray.Coordinates.from_pandas_multiindex(mindex_obj, 'dim')` and pass it as coordinates, e.g., `xarray.Dataset(coords=mindex_coords)`, `dataset.assign_coords(mindex_coords)` or `dataarray.assign_coords(mindex_coords)`.
2024-07-26 13:02:53 INFO     xscen.diagnostics 1 - Computing mean_tasmax.
/home/oumou/.local/lib/python3.11/site-packages/xclim/core/cfchecks.py:42: UserWarning: Variable has a non-conforming cell_methods: Got `time: point`, which do not include the expected `time: maximum`
2024-07-26 13:02:53 INFO     xscen.diagnostics 2 - Computing mean_tasmin.
/home/oumou/.local/lib/python3.11/site-packages/xclim/core/cfchecks.py:42: UserWarning: Variable has a non-conforming cell_methods: Got `time: point`, which do not include the expected `time: minimum`
2024-07-26 13:02:53 INFO     xscen.diagnostics 3 - Computing mean_pr.
2024-07-26 13:02:53 INFO     xscen.diagnostics 4 - Computing q99_tasmax.
/home/oumou/.local/lib/python3.11/site-packages/xclim/core/cfchecks.py:42: UserWarning: Variable has a non-conforming cell_methods: Got `time: point`, which do not include the expected `time: maximum`
2024-07-26 13:02:53 INFO     xscen.diagnostics 5 - Computing q99_tasmin.
/home/oumou/.local/lib/python3.11/site-packages/xclim/core/cfchecks.py:42: UserWarning: Variable has a non-conforming cell_methods: Got `time: point`, which do not include the expected `time: minimum`
2024-07-26 13:02:53 INFO     xscen.diagnostics 6 - Computing q01_tasmax.
/home/oumou/.local/lib/python3.11/site-packages/xclim/core/cfchecks.py:42: UserWarning: Variable has a non-conforming cell_methods: Got `time: point`, which do not include the expected `time: maximum`
2024-07-26 13:02:53 INFO     xscen.diagnostics 7 - Computing q01_tasmin.
/home/oumou/.local/lib/python3.11/site-packages/xclim/core/cfchecks.py:42: UserWarning: Variable has a non-conforming cell_methods: Got `time: point`, which do not include the expected `time: minimum`
2024-07-26 13:02:53 INFO     xscen.diagnostics 8 - Computing q99_pr.
2024-07-26 13:02:53 INFO     xscen.diagnostics 9 - Computing q95_pr.
2024-07-26 13:02:53 INFO     xscen.diagnostics 10 - Computing dry_spell_freq.
2024-07-26 13:02:53 INFO     xscen.diagnostics 11 - Computing aca_tasmax.
/home/oumou/.local/lib/python3.11/site-packages/xclim/core/cfchecks.py:42: UserWarning: Variable has a non-conforming cell_methods: Got `time: point`, which do not include the expected `time: maximum`
2024-07-26 13:02:53 INFO     xscen.diagnostics 12 - Computing aca_tasmin.
/home/oumou/.local/lib/python3.11/site-packages/xclim/core/cfchecks.py:42: UserWarning: Variable has a non-conforming cell_methods: Got `time: point`, which do not include the expected `time: minimum`
2024-07-26 13:02:53 INFO     xscen.diagnostics 13 - Computing aca_pr.
2024-07-26 13:02:53 INFO     xscen.diagnostics 14 - Computing corr_tasmax_tasmin.
/home/oumou/.local/lib/python3.11/site-packages/xclim/core/cfchecks.py:42: UserWarning: Variable has a non-conforming cell_methods: Got `time: point`, which do not include the expected `time: maximum`
/home/oumou/.local/lib/python3.11/site-packages/xclim/core/cfchecks.py:42: UserWarning: Variable has a non-conforming cell_methods: Got `time: point`, which do not include the expected `time: minimum`
2024-07-26 13:02:53 INFO     xscen.diagnostics 15 - Computing corr_tasmax_pr.
/home/oumou/.local/lib/python3.11/site-packages/xclim/core/cfchecks.py:42: UserWarning: Variable has a non-conforming cell_methods: Got `time: point`, which do not include the expected `time: maximum`
2024-07-26 13:02:53 INFO     xscen.diagnostics 16 - Computing max_dry_spell.
2024-07-26 13:02:53 INFO     xscen.diagnostics 17 - Computing max_warm_spell.
/home/oumou/.local/lib/python3.11/site-packages/xclim/core/cfchecks.py:42: UserWarning: Variable has a non-conforming cell_methods: Got `time: point`, which do not include the expected `time: maximum`
2024-07-26 13:02:53 INFO     xscen.diagnostics 18 - Computing wet_wet.
2024-07-26 13:02:53 INFO     xscen.diagnostics 19 - Computing dry_wet.
2024-07-26 13:02:53 INFO     xscen.diagnostics 20 - Computing mean_dtr.
/home/oumou/.local/lib/python3.11/site-packages/xclim/core/cfchecks.py:46: UserWarning: Variable does not have a `standard_name` attribute.
2024-07-26 13:02:53 INFO     xscen.diagnostics 21 - Computing q99_dtr.
/home/oumou/.local/lib/python3.11/site-packages/xclim/core/cfchecks.py:46: UserWarning: Variable does not have a `standard_name` attribute.
/home/oumou/.local/lib/python3.11/site-packages/numpy/lib/nanfunctions.py:1563: RuntimeWarning: All-NaN slice encountered
/home/oumou/.local/lib/python3.11/site-packages/numpy/lib/nanfunctions.py:1563: RuntimeWarning: All-NaN slice encountered
/home/oumou/.local/lib/python3.11/site-packages/numpy/lib/nanfunctions.py:1563: RuntimeWarning: All-NaN slice encountered
/home/oumou/.local/lib/python3.11/site-packages/dask/array/reductions.py:654: RuntimeWarning: All-NaN slice encountered
/home/oumou/.local/lib/python3.11/site-packages/dask/array/reductions.py:621: RuntimeWarning: All-NaN slice encountered
/home/oumou/.local/lib/python3.11/site-packages/dask/array/reductions.py:654: RuntimeWarning: All-NaN slice encountered
2024-07-26 13:03:18 INFO     xscen           Process off-diag Magtogoek ref CMIP6_ScenarioMIP_AS-RCEC_TaiESM1_ssp585_r1i1p1f1_global done in 25.78 s
[Fri Jul 26 13:03:20 2024]
Finished job 0.
1 of 1 steps (100%) done
Storing output in storage.
