Building DAG of jobs...
Using shell: /cvmfs/soft.computecanada.ca/gentoo/2023/x86-64-v3/usr/bin/bash
Provided cores: 15
Rules claiming more threads will be scaled down.
Provided resources: mem_mb=60000, mem_mib=57221, disk_mb=1000, disk_mib=954, time=5
Select jobs to execute...
Execute 1 jobs...

[Fri Jul 26 12:40:58 2024]
localrule off_diag_scen_prop_meas:
    input: /scratch/oumou/ESPO-G6-SNAKEMAKE/ESPO-G_workdir/off-diag-ref-prop_CMIP6_ScenarioMIP_AS-RCEC_TaiESM1_ssp585_r1i1p1f1_global_Magtogoek.zarr, /project/ctb-frigon/oumou/ESPO-G6-SNAKEMAKE/FINAL/NAM/day_CMIP6_ScenarioMIP_AS-RCEC_TaiESM1_ssp585_r1i1p1f1_global_NAM_1950-2100.zarr
    output: /scratch/oumou/ESPO-G6-SNAKEMAKE/ESPO-G_workdir/off-diag-scen-prop_CMIP6_ScenarioMIP_AS-RCEC_TaiESM1_ssp585_r1i1p1f1_global_Magtogoek.zarr, /scratch/oumou/ESPO-G6-SNAKEMAKE/ESPO-G_workdir/off-diag-scen-meas_CMIP6_ScenarioMIP_AS-RCEC_TaiESM1_ssp585_r1i1p1f1_global_Magtogoek.zarr
    log: logs/off_diag_scen_prop_meas_scen_CMIP6_ScenarioMIP_AS-RCEC_TaiESM1_ssp585_r1i1p1f1_global_Magtogoek
    jobid: 0
    reason: Forced execution
    wildcards: sim_id=CMIP6_ScenarioMIP_AS-RCEC_TaiESM1_ssp585_r1i1p1f1_global, dom_name=Magtogoek
    threads: 15
    resources: mem_mb=60000, mem_mib=57221, disk_mb=1000, disk_mib=954, tmpdir=/tmp, qos=high_priority, time=5

/home/oumou/.local/lib/python3.11/site-packages/distributed/node.py:182: UserWarning: Port 2051 is already in use.
Perhaps you already have a cluster running?
Hosting the HTTP server on port 42019 instead
2024-07-26 12:41:08 INFO     xscen           {'step': 'scen', 'dom_name': 'Magtogoek', 'sim_id': 'CMIP6_ScenarioMIP_AS-RCEC_TaiESM1_ssp585_r1i1p1f1_global'}
2024-07-26 12:41:08 INFO     xscen           Started process off-diag Magtogoek scen CMIP6_ScenarioMIP_AS-RCEC_TaiESM1_ssp585_r1i1p1f1_global.
2024-07-26 12:41:09 INFO     xscen.diagnostics 1 - Computing mean_tasmax.
2024-07-26 12:41:09 INFO     xscen.diagnostics 2 - Computing mean_tasmin.
2024-07-26 12:41:09 INFO     xscen.diagnostics 3 - Computing mean_pr.
2024-07-26 12:41:09 INFO     xscen.diagnostics 4 - Computing q99_tasmax.
2024-07-26 12:41:09 INFO     xscen.diagnostics 5 - Computing q99_tasmin.
2024-07-26 12:41:09 INFO     xscen.diagnostics 6 - Computing q01_tasmax.
2024-07-26 12:41:09 INFO     xscen.diagnostics 7 - Computing q01_tasmin.
2024-07-26 12:41:09 INFO     xscen.diagnostics 8 - Computing q99_pr.
2024-07-26 12:41:09 INFO     xscen.diagnostics 9 - Computing q95_pr.
2024-07-26 12:41:09 INFO     xscen.diagnostics 10 - Computing dry_spell_freq.
2024-07-26 12:41:09 INFO     xscen.diagnostics 11 - Computing aca_tasmax.
2024-07-26 12:41:09 INFO     xscen.diagnostics 12 - Computing aca_tasmin.
2024-07-26 12:41:09 INFO     xscen.diagnostics 13 - Computing aca_pr.
2024-07-26 12:41:09 INFO     xscen.diagnostics 14 - Computing corr_tasmax_tasmin.
2024-07-26 12:41:10 INFO     xscen.diagnostics 15 - Computing corr_tasmax_pr.
2024-07-26 12:41:10 INFO     xscen.diagnostics 16 - Computing max_dry_spell.
2024-07-26 12:41:10 INFO     xscen.diagnostics 17 - Computing max_warm_spell.
2024-07-26 12:41:10 INFO     xscen.diagnostics 18 - Computing wet_wet.
2024-07-26 12:41:10 INFO     xscen.diagnostics 19 - Computing dry_wet.
2024-07-26 12:41:10 INFO     xscen.diagnostics 20 - Computing mean_dtr.
/home/oumou/.local/lib/python3.11/site-packages/xclim/core/cfchecks.py:46: UserWarning: Variable does not have a `standard_name` attribute.
2024-07-26 12:41:10 INFO     xscen.diagnostics 21 - Computing q99_dtr.
/home/oumou/.local/lib/python3.11/site-packages/xclim/core/cfchecks.py:46: UserWarning: Variable does not have a `standard_name` attribute.
/home/oumou/.local/lib/python3.11/site-packages/numpy/lib/nanfunctions.py:1563: RuntimeWarning: All-NaN slice encountered
/home/oumou/.local/lib/python3.11/site-packages/numpy/lib/nanfunctions.py:1563: RuntimeWarning: All-NaN slice encountered
/home/oumou/.local/lib/python3.11/site-packages/numpy/lib/nanfunctions.py:1563: RuntimeWarning: All-NaN slice encountered
/home/oumou/.local/lib/python3.11/site-packages/dask/array/reductions.py:654: RuntimeWarning: All-NaN slice encountered
/home/oumou/.local/lib/python3.11/site-packages/dask/array/reductions.py:654: RuntimeWarning: All-NaN slice encountered
2024-07-26 12:42:21 INFO     xscen           Process off-diag Magtogoek scen CMIP6_ScenarioMIP_AS-RCEC_TaiESM1_ssp585_r1i1p1f1_global done in 72.55 s
[Fri Jul 26 12:42:23 2024]
Finished job 0.
1 of 1 steps (100%) done
Storing output in storage.
