Building DAG of jobs...
Using shell: /cvmfs/soft.computecanada.ca/gentoo/2023/x86-64-v3/usr/bin/bash
Provided cores: 15
Rules claiming more threads will be scaled down.
Provided resources: mem_mb=60000, mem_mib=57221, disk_mb=1000, disk_mib=954, time=5
Select jobs to execute...
Execute 1 jobs...

[Fri Jul 26 13:48:58 2024]
localrule off_diag_sim_prop_meas:
    input: /scratch/oumou/ESPO-G6-SNAKEMAKE/ESPO-G_workdir/off-diag-ref-prop_CMIP6_ScenarioMIP_AS-RCEC_TaiESM1_ssp585_r1i1p1f1_global_Magtogoek.zarr, /scratch/oumou/ESPO-G6-SNAKEMAKE/ESPO-G_workdir/CMIP6_ScenarioMIP_AS-RCEC_TaiESM1_ssp585_r1i1p1f1_global_middle_nodup_regridded.zarr
    output: /scratch/oumou/ESPO-G6-SNAKEMAKE/ESPO-G_workdir/off-diag-sim-prop_CMIP6_ScenarioMIP_AS-RCEC_TaiESM1_ssp585_r1i1p1f1_global_Magtogoek.zarr, /scratch/oumou/ESPO-G6-SNAKEMAKE/ESPO-G_workdir/off-diag-sim-meas_CMIP6_ScenarioMIP_AS-RCEC_TaiESM1_ssp585_r1i1p1f1_global_Magtogoek.zarr
    jobid: 0
    reason: Forced execution
    wildcards: sim_id=CMIP6_ScenarioMIP_AS-RCEC_TaiESM1_ssp585_r1i1p1f1_global, dom_name=Magtogoek
    threads: 15
    resources: mem_mb=60000, mem_mib=57221, disk_mb=1000, disk_mib=954, tmpdir=/tmp, qos=high_priority, time=5

2024-07-26 13:49:08 INFO     xscen           {'step': 'sim', 'dom_name': 'Magtogoek', 'sim_id': 'CMIP6_ScenarioMIP_AS-RCEC_TaiESM1_ssp585_r1i1p1f1_global'}
2024-07-26 13:49:08 INFO     xscen           Started process off-diag Magtogoek sim CMIP6_ScenarioMIP_AS-RCEC_TaiESM1_ssp585_r1i1p1f1_global.
2024-07-26 13:49:08 INFO     xscen.utils     Dataset unstacked using /project/ctb-frigon/oumou/ESPO-G6-SNAKEMAKE/coords/coords_middle_nodup_20x101.nc.
/home/oumou/.local/lib/python3.11/site-packages/xscen/utils.py:451: FutureWarning: the `pandas.MultiIndex` object(s) passed as 'loc' coordinate(s) or data variable(s) will no longer be implicitly promoted and wrapped into multiple indexed coordinates in the future (i.e., one coordinate for each multi-index level + one dimension coordinate). If you want to keep this behavior, you need to first wrap it explicitly using `mindex_coords = xarray.Coordinates.from_pandas_multiindex(mindex_obj, 'dim')` and pass it as coordinates, e.g., `xarray.Dataset(coords=mindex_coords)`, `dataset.assign_coords(mindex_coords)` or `dataarray.assign_coords(mindex_coords)`.
2024-07-26 13:49:09 INFO     xscen.diagnostics 1 - Computing mean_tasmax.
2024-07-26 13:49:09 INFO     xscen.diagnostics 2 - Computing mean_tasmin.
2024-07-26 13:49:09 INFO     xscen.diagnostics 3 - Computing mean_pr.
2024-07-26 13:49:09 INFO     xscen.diagnostics 4 - Computing q99_tasmax.
2024-07-26 13:49:09 INFO     xscen.diagnostics 5 - Computing q99_tasmin.
2024-07-26 13:49:09 INFO     xscen.diagnostics 6 - Computing q01_tasmax.
2024-07-26 13:49:09 INFO     xscen.diagnostics 7 - Computing q01_tasmin.
2024-07-26 13:49:09 INFO     xscen.diagnostics 8 - Computing q99_pr.
2024-07-26 13:49:09 INFO     xscen.diagnostics 9 - Computing q95_pr.
2024-07-26 13:49:09 INFO     xscen.diagnostics 10 - Computing dry_spell_freq.
2024-07-26 13:49:09 INFO     xscen.diagnostics 11 - Computing aca_tasmax.
2024-07-26 13:49:09 INFO     xscen.diagnostics 12 - Computing aca_tasmin.
2024-07-26 13:49:09 INFO     xscen.diagnostics 13 - Computing aca_pr.
2024-07-26 13:49:09 INFO     xscen.diagnostics 14 - Computing corr_tasmax_tasmin.
2024-07-26 13:49:09 INFO     xscen.diagnostics 15 - Computing corr_tasmax_pr.
2024-07-26 13:49:09 INFO     xscen.diagnostics 16 - Computing max_dry_spell.
2024-07-26 13:49:09 INFO     xscen.diagnostics 17 - Computing max_warm_spell.
2024-07-26 13:49:10 INFO     xscen.diagnostics 18 - Computing wet_wet.
2024-07-26 13:49:10 INFO     xscen.diagnostics 19 - Computing dry_wet.
2024-07-26 13:49:10 INFO     xscen.diagnostics 20 - Computing mean_dtr.
/home/oumou/.local/lib/python3.11/site-packages/xclim/core/cfchecks.py:46: UserWarning: Variable does not have a `standard_name` attribute.
2024-07-26 13:49:10 INFO     xscen.diagnostics 21 - Computing q99_dtr.
/home/oumou/.local/lib/python3.11/site-packages/xclim/core/cfchecks.py:46: UserWarning: Variable does not have a `standard_name` attribute.
/home/oumou/.local/lib/python3.11/site-packages/numpy/lib/nanfunctions.py:1563: RuntimeWarning: All-NaN slice encountered
/home/oumou/.local/lib/python3.11/site-packages/numpy/lib/nanfunctions.py:1563: RuntimeWarning: All-NaN slice encountered
/home/oumou/.local/lib/python3.11/site-packages/dask/array/reductions.py:654: RuntimeWarning: All-NaN slice encountered
/home/oumou/.local/lib/python3.11/site-packages/dask/array/reductions.py:621: RuntimeWarning: All-NaN slice encountered
/home/oumou/.local/lib/python3.11/site-packages/numpy/lib/nanfunctions.py:1563: RuntimeWarning: All-NaN slice encountered
/home/oumou/.local/lib/python3.11/site-packages/numpy/lib/nanfunctions.py:1563: RuntimeWarning: All-NaN slice encountered
/home/oumou/.local/lib/python3.11/site-packages/dask/array/reductions.py:654: RuntimeWarning: All-NaN slice encountered
2024-07-26 13:50:23 INFO     xscen           Process off-diag Magtogoek sim CMIP6_ScenarioMIP_AS-RCEC_TaiESM1_ssp585_r1i1p1f1_global done in 74.89 s
[Fri Jul 26 13:50:25 2024]
Finished job 0.
1 of 1 steps (100%) done
Storing output in storage.
