Building DAG of jobs...
Using shell: /usr/bin/bash
Provided cores: 10
Rules claiming more threads will be scaled down.
Job stats:
job                  count
-----------------  -------
all                      1
diagnostics              3
reference_DEFAULT        3
total                    7

Select jobs to execute...
Execute 3 jobs...

[Fri Jun  7 16:55:14 2024]
localrule reference_DEFAULT:
    output: /jarre/scenario/ocisse/ESPO-G6-stage/reference/ref_middle_nodup_default.zarr
    log: logs/reference_DEFAULT_middle_nodup
    jobid: 4
    reason: Missing output files: /jarre/scenario/ocisse/ESPO-G6-stage/reference/ref_middle_nodup_default.zarr
    wildcards: region=middle_nodup
    resources: tmpdir=/tmp

[Fri Jun  7 16:55:14 2024]
localrule reference_DEFAULT:
    output: /jarre/scenario/ocisse/ESPO-G6-stage/reference/ref_south_nodup_default.zarr
    log: logs/reference_DEFAULT_south_nodup
    jobid: 2
    reason: Missing output files: /jarre/scenario/ocisse/ESPO-G6-stage/reference/ref_south_nodup_default.zarr
    wildcards: region=south_nodup
    resources: tmpdir=/tmp

[Fri Jun  7 16:55:14 2024]
localrule reference_DEFAULT:
    output: /jarre/scenario/ocisse/ESPO-G6-stage/reference/ref_north_nodup_default.zarr
    log: logs/reference_DEFAULT_north_nodup
    jobid: 6
    reason: Missing output files: /jarre/scenario/ocisse/ESPO-G6-stage/reference/ref_north_nodup_default.zarr
    wildcards: region=north_nodup
    resources: tmpdir=/tmp

[Fri Jun  7 16:56:12 2024]
Finished job 4.
1 of 7 steps (14%) done
Select jobs to execute...
Execute 1 jobs...

[Fri Jun  7 16:56:12 2024]
localrule diagnostics:
    input: /jarre/scenario/ocisse/ESPO-G6-stage/reference/ref_middle_nodup_default.zarr
    output: /jarre/scenario/ocisse/ESPO-G6-stage/diagnostics/middle_nodup/ECMW-ERA5-Land_NAM/diag-ref-prop_ECMW-ERA5-Land_NAM_middle_nodup.zarr
    log: logs/diagnostics_middle_nodup
    jobid: 3
    reason: Missing output files: /jarre/scenario/ocisse/ESPO-G6-stage/diagnostics/middle_nodup/ECMW-ERA5-Land_NAM/diag-ref-prop_ECMW-ERA5-Land_NAM_middle_nodup.zarr; Input files updated by another job: /jarre/scenario/ocisse/ESPO-G6-stage/reference/ref_middle_nodup_default.zarr
    wildcards: region=middle_nodup
    resources: tmpdir=/tmp

[Fri Jun  7 16:56:15 2024]
Finished job 2.
2 of 7 steps (29%) done
Select jobs to execute...
Execute 1 jobs...

[Fri Jun  7 16:56:15 2024]
localrule diagnostics:
    input: /jarre/scenario/ocisse/ESPO-G6-stage/reference/ref_south_nodup_default.zarr
    output: /jarre/scenario/ocisse/ESPO-G6-stage/diagnostics/south_nodup/ECMW-ERA5-Land_NAM/diag-ref-prop_ECMW-ERA5-Land_NAM_south_nodup.zarr
    log: logs/diagnostics_south_nodup
    jobid: 1
    reason: Missing output files: /jarre/scenario/ocisse/ESPO-G6-stage/diagnostics/south_nodup/ECMW-ERA5-Land_NAM/diag-ref-prop_ECMW-ERA5-Land_NAM_south_nodup.zarr; Input files updated by another job: /jarre/scenario/ocisse/ESPO-G6-stage/reference/ref_south_nodup_default.zarr
    wildcards: region=south_nodup
    resources: tmpdir=/tmp

[Fri Jun  7 16:56:19 2024]
Finished job 6.
3 of 7 steps (43%) done
Select jobs to execute...
Execute 1 jobs...

[Fri Jun  7 16:56:19 2024]
localrule diagnostics:
    input: /jarre/scenario/ocisse/ESPO-G6-stage/reference/ref_north_nodup_default.zarr
    output: /jarre/scenario/ocisse/ESPO-G6-stage/diagnostics/north_nodup/ECMW-ERA5-Land_NAM/diag-ref-prop_ECMW-ERA5-Land_NAM_north_nodup.zarr
    log: logs/diagnostics_north_nodup
    jobid: 5
    reason: Missing output files: /jarre/scenario/ocisse/ESPO-G6-stage/diagnostics/north_nodup/ECMW-ERA5-Land_NAM/diag-ref-prop_ECMW-ERA5-Land_NAM_north_nodup.zarr; Input files updated by another job: /jarre/scenario/ocisse/ESPO-G6-stage/reference/ref_north_nodup_default.zarr
    wildcards: region=north_nodup
    resources: tmpdir=/tmp

[Fri Jun  7 16:56:41 2024]
Finished job 3.
4 of 7 steps (57%) done
[Fri Jun  7 16:56:44 2024]
Finished job 1.
5 of 7 steps (71%) done
[Fri Jun  7 16:56:45 2024]
Finished job 5.
6 of 7 steps (86%) done
Select jobs to execute...
Execute 1 jobs...

[Fri Jun  7 16:56:45 2024]
localrule all:
    input: /jarre/scenario/ocisse/ESPO-G6-stage/diagnostics/south_nodup/ECMW-ERA5-Land_NAM/diag-ref-prop_ECMW-ERA5-Land_NAM_south_nodup.zarr, /jarre/scenario/ocisse/ESPO-G6-stage/diagnostics/middle_nodup/ECMW-ERA5-Land_NAM/diag-ref-prop_ECMW-ERA5-Land_NAM_middle_nodup.zarr, /jarre/scenario/ocisse/ESPO-G6-stage/diagnostics/north_nodup/ECMW-ERA5-Land_NAM/diag-ref-prop_ECMW-ERA5-Land_NAM_north_nodup.zarr
    jobid: 0
    reason: Input files updated by another job: /jarre/scenario/ocisse/ESPO-G6-stage/diagnostics/middle_nodup/ECMW-ERA5-Land_NAM/diag-ref-prop_ECMW-ERA5-Land_NAM_middle_nodup.zarr, /jarre/scenario/ocisse/ESPO-G6-stage/diagnostics/north_nodup/ECMW-ERA5-Land_NAM/diag-ref-prop_ECMW-ERA5-Land_NAM_north_nodup.zarr, /jarre/scenario/ocisse/ESPO-G6-stage/diagnostics/south_nodup/ECMW-ERA5-Land_NAM/diag-ref-prop_ECMW-ERA5-Land_NAM_south_nodup.zarr
    resources: tmpdir=/tmp

[Fri Jun  7 16:56:45 2024]
Finished job 0.
7 of 7 steps (100%) done
Complete log: .snakemake/log/2024-06-07T165513.615830.snakemake.log
