Building DAG of jobs...
Using shell: /cvmfs/soft.computecanada.ca/gentoo/2023/x86-64-v3/usr/bin/bash
Provided remote nodes: 10
Job stats:
job                          count
-------------------------  -------
DIAGNOSTICS                      3
adjust                           9
all                              1
clean_up                         3
concat_diag_ref_prop             1
concatenation_diag               4
concatenation_final              1
diag_improved_et_heatmap         3
diag_measures_improvement        4
diagnostics                      3
extract                          3
final_zarr                       3
health_checks                    1
off_diag_ref_prop                4
off_diag_scen_prop_meas          4
off_diag_sim_prop_meas           4
rechunk                          3
reference_360_DAY                3
reference_DEFAULT                3
reference_NOLEAP                 3
regrid                           3
train                            9
total                           75

Select jobs to execute...
Execute 6 jobs...

[Mon Aug 12 12:07:54 2024]
rule reference_DEFAULT:
    output: /project/ctb-frigon/oumou/ESPO-G6-SNAKEMAKE/reference/ref_south_nodup_default.zarr
    jobid: 16
    reason: Missing output files: /project/ctb-frigon/oumou/ESPO-G6-SNAKEMAKE/reference/ref_south_nodup_default.zarr
    wildcards: region=south_nodup
    resources: mem_mb=4768, mem_mib=954, disk_mb=1000, disk_mib=954, tmpdir=<TBD>, qos=high_priority, mem=5GB, time=160, n_workers=2

[Mon Aug 12 12:07:54 2024]
Error in rule reference_DEFAULT:
    message: Error submitting jobscript (exit code 1):
For further error details see the cluster/cloud log and the log files of the involved rule(s).
    jobid: 16
    output: /project/ctb-frigon/oumou/ESPO-G6-SNAKEMAKE/reference/ref_south_nodup_default.zarr


[Mon Aug 12 12:07:54 2024]
rule reference_DEFAULT:
    output: /project/ctb-frigon/oumou/ESPO-G6-SNAKEMAKE/reference/ref_middle_nodup_default.zarr
    jobid: 4
    reason: Missing output files: /project/ctb-frigon/oumou/ESPO-G6-SNAKEMAKE/reference/ref_middle_nodup_default.zarr
    wildcards: region=middle_nodup
    resources: mem_mb=4768, mem_mib=954, disk_mb=1000, disk_mib=954, tmpdir=<TBD>, qos=high_priority, mem=5GB, time=160, n_workers=2

[Mon Aug 12 12:07:54 2024]
Error in rule reference_DEFAULT:
    message: Error submitting jobscript (exit code 1):
For further error details see the cluster/cloud log and the log files of the involved rule(s).
    jobid: 4
    output: /project/ctb-frigon/oumou/ESPO-G6-SNAKEMAKE/reference/ref_middle_nodup_default.zarr


[Mon Aug 12 12:07:54 2024]
rule extract:
    input: /home/oumou/espo_SNAKEMAKE_NARVAL/workflow/scripts/extract.py
    output: /scratch/oumou/ESPO-G6-SNAKEMAKE/ESPO-G_workdir/CMIP6_ScenarioMIP_AS-RCEC_TaiESM1_ssp585_r1i1p1f1_global_south_nodup_extracted.zarr
    jobid: 20
    reason: Missing output files: /scratch/oumou/ESPO-G6-SNAKEMAKE/ESPO-G_workdir/CMIP6_ScenarioMIP_AS-RCEC_TaiESM1_ssp585_r1i1p1f1_global_south_nodup_extracted.zarr
    wildcards: region=south_nodup, sim_id=CMIP6_ScenarioMIP_AS-RCEC_TaiESM1_ssp585_r1i1p1f1_global
    resources: mem_mb=4768, mem_mib=954, disk_mb=1000, disk_mib=954, tmpdir=<TBD>, qos=high_priority, mem=5GB, time=160, n_workers=2

[Mon Aug 12 12:07:54 2024]
Error in rule extract:
    message: Error submitting jobscript (exit code 1):
For further error details see the cluster/cloud log and the log files of the involved rule(s).
    jobid: 20
    input: /home/oumou/espo_SNAKEMAKE_NARVAL/workflow/scripts/extract.py
    output: /scratch/oumou/ESPO-G6-SNAKEMAKE/ESPO-G_workdir/CMIP6_ScenarioMIP_AS-RCEC_TaiESM1_ssp585_r1i1p1f1_global_south_nodup_extracted.zarr


[Mon Aug 12 12:07:54 2024]
rule reference_DEFAULT:
    output: /project/ctb-frigon/oumou/ESPO-G6-SNAKEMAKE/reference/ref_north_nodup_default.zarr
    jobid: 39
    reason: Missing output files: /project/ctb-frigon/oumou/ESPO-G6-SNAKEMAKE/reference/ref_north_nodup_default.zarr
    wildcards: region=north_nodup
    resources: mem_mb=4768, mem_mib=954, disk_mb=1000, disk_mib=954, tmpdir=<TBD>, qos=high_priority, mem=5GB, time=160, n_workers=2

[Mon Aug 12 12:07:54 2024]
Error in rule reference_DEFAULT:
    message: Error submitting jobscript (exit code 1):
For further error details see the cluster/cloud log and the log files of the involved rule(s).
    jobid: 39
    output: /project/ctb-frigon/oumou/ESPO-G6-SNAKEMAKE/reference/ref_north_nodup_default.zarr


[Mon Aug 12 12:07:54 2024]
rule extract:
    input: /home/oumou/espo_SNAKEMAKE_NARVAL/workflow/scripts/extract.py
    output: /scratch/oumou/ESPO-G6-SNAKEMAKE/ESPO-G_workdir/CMIP6_ScenarioMIP_AS-RCEC_TaiESM1_ssp585_r1i1p1f1_global_middle_nodup_extracted.zarr
    jobid: 8
    reason: Missing output files: /scratch/oumou/ESPO-G6-SNAKEMAKE/ESPO-G_workdir/CMIP6_ScenarioMIP_AS-RCEC_TaiESM1_ssp585_r1i1p1f1_global_middle_nodup_extracted.zarr
    wildcards: sim_id=CMIP6_ScenarioMIP_AS-RCEC_TaiESM1_ssp585_r1i1p1f1_global, region=middle_nodup
    resources: mem_mb=4768, mem_mib=954, disk_mb=1000, disk_mib=954, tmpdir=<TBD>, qos=high_priority, mem=5GB, time=160, n_workers=2

[Mon Aug 12 12:07:54 2024]
Error in rule extract:
    message: Error submitting jobscript (exit code 1):
For further error details see the cluster/cloud log and the log files of the involved rule(s).
    jobid: 8
    input: /home/oumou/espo_SNAKEMAKE_NARVAL/workflow/scripts/extract.py
    output: /scratch/oumou/ESPO-G6-SNAKEMAKE/ESPO-G_workdir/CMIP6_ScenarioMIP_AS-RCEC_TaiESM1_ssp585_r1i1p1f1_global_middle_nodup_extracted.zarr


[Mon Aug 12 12:07:54 2024]
rule extract:
    input: /home/oumou/espo_SNAKEMAKE_NARVAL/workflow/scripts/extract.py
    output: /scratch/oumou/ESPO-G6-SNAKEMAKE/ESPO-G_workdir/CMIP6_ScenarioMIP_AS-RCEC_TaiESM1_ssp585_r1i1p1f1_global_north_nodup_extracted.zarr
    jobid: 43
    reason: Missing output files: /scratch/oumou/ESPO-G6-SNAKEMAKE/ESPO-G_workdir/CMIP6_ScenarioMIP_AS-RCEC_TaiESM1_ssp585_r1i1p1f1_global_north_nodup_extracted.zarr
    wildcards: region=north_nodup, sim_id=CMIP6_ScenarioMIP_AS-RCEC_TaiESM1_ssp585_r1i1p1f1_global
    resources: mem_mb=4768, mem_mib=954, disk_mb=1000, disk_mib=954, tmpdir=<TBD>, qos=high_priority, mem=5GB, time=160, n_workers=2

[Mon Aug 12 12:07:54 2024]
Error in rule extract:
    message: Error submitting jobscript (exit code 1):
For further error details see the cluster/cloud log and the log files of the involved rule(s).
    jobid: 43
    input: /home/oumou/espo_SNAKEMAKE_NARVAL/workflow/scripts/extract.py
    output: /scratch/oumou/ESPO-G6-SNAKEMAKE/ESPO-G_workdir/CMIP6_ScenarioMIP_AS-RCEC_TaiESM1_ssp585_r1i1p1f1_global_north_nodup_extracted.zarr

Exiting because a job execution failed. Look above for error message
Complete log: .snakemake/log/2024-08-12T120754.687030.snakemake.log
WorkflowError:
At least one job did not complete successfully.
