Building DAG of jobs...
Using shell: /usr/bin/bash
Provided cores: 10
Rules claiming more threads will be scaled down.
Job stats:
job                  count
-----------------  -------
all                      1
reference_360_DAY        3
reference_DEFAULT        3
reference_NOLEAP         3
total                   10

Select jobs to execute...
Execute 9 jobs...

[Mon Jun  3 15:24:18 2024]
localrule reference_NOLEAP:
    input: /jarre/scenario/ocisse/ESPO-G6-stage/reference/ref_middle_nodup_noleap.zarr, /jarre/scenario/ocisse/ESPO-G6-stage/reference/ref_middle_nodup_noleap.zarr, /jarre/scenario/ocisse/ESPO-G6-stage/reference/ref_middle_nodup_noleap.zarr
    output: ref/ref_middle_nodup_noleap.zarr
    jobid: 5
    reason: Missing output files: ref/ref_middle_nodup_noleap.zarr
    wildcards: region_name=middle_nodup
    resources: tmpdir=/tmp, n_workers=2, threads_per_worker=5, memory=25GB

[Mon Jun  3 15:24:18 2024]
localrule reference_360_DAY:
    input: /jarre/scenario/ocisse/ESPO-G6-stage/reference/ref_north_nodup_360_day.zarr, /jarre/scenario/ocisse/ESPO-G6-stage/reference/ref_north_nodup_360_day.zarr, /jarre/scenario/ocisse/ESPO-G6-stage/reference/ref_north_nodup_360_day.zarr
    output: ref/ref_north_nodup_360_day.zarr
    jobid: 9
    reason: Missing output files: ref/ref_north_nodup_360_day.zarr
    wildcards: region_name=north_nodup
    resources: tmpdir=/tmp, n_workers=2, threads_per_worker=5, memory=25GB

[Mon Jun  3 15:24:18 2024]
localrule reference_NOLEAP:
    input: /jarre/scenario/ocisse/ESPO-G6-stage/reference/ref_south_nodup_noleap.zarr, /jarre/scenario/ocisse/ESPO-G6-stage/reference/ref_south_nodup_noleap.zarr, /jarre/scenario/ocisse/ESPO-G6-stage/reference/ref_south_nodup_noleap.zarr
    output: ref/ref_south_nodup_noleap.zarr
    jobid: 4
    reason: Missing output files: ref/ref_south_nodup_noleap.zarr
    wildcards: region_name=south_nodup
    resources: tmpdir=/tmp, n_workers=2, threads_per_worker=5, memory=25GB

[Mon Jun  3 15:24:18 2024]
localrule reference_DEFAULT:
    input: /jarre/scenario/ocisse/ESPO-G6-stage/reference/ref_north_nodup_default.zarr, /jarre/scenario/ocisse/ESPO-G6-stage/reference/ref_north_nodup_default.zarr, /jarre/scenario/ocisse/ESPO-G6-stage/reference/ref_north_nodup_default.zarr
    output: ref/ref_north_nodup_default.zarr
    jobid: 3
    reason: Missing output files: ref/ref_north_nodup_default.zarr
    wildcards: region_name=north_nodup
    resources: tmpdir=/tmp, n_workers=2, threads_per_worker=5, memory=25GB

[Mon Jun  3 15:24:18 2024]
localrule reference_360_DAY:
    input: /jarre/scenario/ocisse/ESPO-G6-stage/reference/ref_middle_nodup_360_day.zarr, /jarre/scenario/ocisse/ESPO-G6-stage/reference/ref_middle_nodup_360_day.zarr, /jarre/scenario/ocisse/ESPO-G6-stage/reference/ref_middle_nodup_360_day.zarr
    output: ref/ref_middle_nodup_360_day.zarr
    jobid: 8
    reason: Missing output files: ref/ref_middle_nodup_360_day.zarr
    wildcards: region_name=middle_nodup
    resources: tmpdir=/tmp, n_workers=2, threads_per_worker=5, memory=25GB

[Mon Jun  3 15:24:18 2024]
localrule reference_DEFAULT:
    input: /jarre/scenario/ocisse/ESPO-G6-stage/reference/ref_middle_nodup_default.zarr, /jarre/scenario/ocisse/ESPO-G6-stage/reference/ref_middle_nodup_default.zarr, /jarre/scenario/ocisse/ESPO-G6-stage/reference/ref_middle_nodup_default.zarr
    output: ref/ref_middle_nodup_default.zarr
    jobid: 2
    reason: Missing output files: ref/ref_middle_nodup_default.zarr
    wildcards: region_name=middle_nodup
    resources: tmpdir=/tmp, n_workers=2, threads_per_worker=5, memory=25GB

[Mon Jun  3 15:24:18 2024]
localrule reference_360_DAY:
    input: /jarre/scenario/ocisse/ESPO-G6-stage/reference/ref_south_nodup_360_day.zarr, /jarre/scenario/ocisse/ESPO-G6-stage/reference/ref_south_nodup_360_day.zarr, /jarre/scenario/ocisse/ESPO-G6-stage/reference/ref_south_nodup_360_day.zarr
    output: ref/ref_south_nodup_360_day.zarr
    jobid: 7
    reason: Missing output files: ref/ref_south_nodup_360_day.zarr
    wildcards: region_name=south_nodup
    resources: tmpdir=/tmp, n_workers=2, threads_per_worker=5, memory=25GB

[Mon Jun  3 15:24:18 2024]
localrule reference_DEFAULT:
    input: /jarre/scenario/ocisse/ESPO-G6-stage/reference/ref_south_nodup_default.zarr, /jarre/scenario/ocisse/ESPO-G6-stage/reference/ref_south_nodup_default.zarr, /jarre/scenario/ocisse/ESPO-G6-stage/reference/ref_south_nodup_default.zarr
    output: ref/ref_south_nodup_default.zarr
    jobid: 1
    reason: Missing output files: ref/ref_south_nodup_default.zarr
    wildcards: region_name=south_nodup
    resources: tmpdir=/tmp, n_workers=2, threads_per_worker=5, memory=25GB

[Mon Jun  3 15:24:18 2024]
localrule reference_NOLEAP:
    input: /jarre/scenario/ocisse/ESPO-G6-stage/reference/ref_north_nodup_noleap.zarr, /jarre/scenario/ocisse/ESPO-G6-stage/reference/ref_north_nodup_noleap.zarr, /jarre/scenario/ocisse/ESPO-G6-stage/reference/ref_north_nodup_noleap.zarr
    output: ref/ref_north_nodup_noleap.zarr
    jobid: 6
    reason: Missing output files: ref/ref_north_nodup_noleap.zarr
    wildcards: region_name=north_nodup
    resources: tmpdir=/tmp, n_workers=2, threads_per_worker=5, memory=25GB

RuleException:
CalledProcessError in file /home/ocisse/ESPO-G-stage-snakemake/espo_snakemake/Snakefile, line 42:
Command 'set -euo pipefail;  /exec/ocisse/.conda/envs/premierenv/bin/python3.12 /home/ocisse/ESPO-G-stage-snakemake/espo_snakemake/.snakemake/scripts/tmps1z31fy7.load_noleap_ref.py' returned non-zero exit status 1.
[Mon Jun  3 15:25:05 2024]
Error in rule reference_NOLEAP:
    jobid: 4
    input: /jarre/scenario/ocisse/ESPO-G6-stage/reference/ref_south_nodup_noleap.zarr, /jarre/scenario/ocisse/ESPO-G6-stage/reference/ref_south_nodup_noleap.zarr, /jarre/scenario/ocisse/ESPO-G6-stage/reference/ref_south_nodup_noleap.zarr
    output: ref/ref_south_nodup_noleap.zarr

RuleException:
CalledProcessError in file /home/ocisse/ESPO-G-stage-snakemake/espo_snakemake/Snakefile, line 26:
Command 'set -euo pipefail;  /exec/ocisse/.conda/envs/premierenv/bin/python3.12 /home/ocisse/ESPO-G-stage-snakemake/espo_snakemake/.snakemake/scripts/tmptn2_f9co.load_default_ref.py' returned non-zero exit status 1.
[Mon Jun  3 15:25:05 2024]
Error in rule reference_DEFAULT:
    jobid: 2
    input: /jarre/scenario/ocisse/ESPO-G6-stage/reference/ref_middle_nodup_default.zarr, /jarre/scenario/ocisse/ESPO-G6-stage/reference/ref_middle_nodup_default.zarr, /jarre/scenario/ocisse/ESPO-G6-stage/reference/ref_middle_nodup_default.zarr
    output: ref/ref_middle_nodup_default.zarr

RuleException:
CalledProcessError in file /home/ocisse/ESPO-G-stage-snakemake/espo_snakemake/Snakefile, line 42:
Command 'set -euo pipefail;  /exec/ocisse/.conda/envs/premierenv/bin/python3.12 /home/ocisse/ESPO-G-stage-snakemake/espo_snakemake/.snakemake/scripts/tmp1ilffion.load_noleap_ref.py' returned non-zero exit status 1.
RuleException:
CalledProcessError in file /home/ocisse/ESPO-G-stage-snakemake/espo_snakemake/Snakefile, line 58:
Command 'set -euo pipefail;  /exec/ocisse/.conda/envs/premierenv/bin/python3.12 /home/ocisse/ESPO-G-stage-snakemake/espo_snakemake/.snakemake/scripts/tmp5tksvhlm.load_360_day_ref.py' returned non-zero exit status 1.
[Mon Jun  3 15:25:05 2024]
[Mon Jun  3 15:25:05 2024]
Error in rule reference_NOLEAP:
    jobid: 6
    input: /jarre/scenario/ocisse/ESPO-G6-stage/reference/ref_north_nodup_noleap.zarr, /jarre/scenario/ocisse/ESPO-G6-stage/reference/ref_north_nodup_noleap.zarr, /jarre/scenario/ocisse/ESPO-G6-stage/reference/ref_north_nodup_noleap.zarr
    output: ref/ref_north_nodup_noleap.zarr

RuleException:
CalledProcessError in file /home/ocisse/ESPO-G-stage-snakemake/espo_snakemake/Snakefile, line 58:
Command 'set -euo pipefail;  /exec/ocisse/.conda/envs/premierenv/bin/python3.12 /home/ocisse/ESPO-G-stage-snakemake/espo_snakemake/.snakemake/scripts/tmpqkd7e9m8.load_360_day_ref.py' returned non-zero exit status 1.
Error in rule reference_360_DAY:
    jobid: 7
    input: /jarre/scenario/ocisse/ESPO-G6-stage/reference/ref_south_nodup_360_day.zarr, /jarre/scenario/ocisse/ESPO-G6-stage/reference/ref_south_nodup_360_day.zarr, /jarre/scenario/ocisse/ESPO-G6-stage/reference/ref_south_nodup_360_day.zarr
    output: ref/ref_south_nodup_360_day.zarr

[Mon Jun  3 15:25:05 2024]
Error in rule reference_360_DAY:
    jobid: 8
    input: /jarre/scenario/ocisse/ESPO-G6-stage/reference/ref_middle_nodup_360_day.zarr, /jarre/scenario/ocisse/ESPO-G6-stage/reference/ref_middle_nodup_360_day.zarr, /jarre/scenario/ocisse/ESPO-G6-stage/reference/ref_middle_nodup_360_day.zarr
    output: ref/ref_middle_nodup_360_day.zarr

RuleException:
CalledProcessError in file /home/ocisse/ESPO-G-stage-snakemake/espo_snakemake/Snakefile, line 26:
Command 'set -euo pipefail;  /exec/ocisse/.conda/envs/premierenv/bin/python3.12 /home/ocisse/ESPO-G-stage-snakemake/espo_snakemake/.snakemake/scripts/tmplno9hkf6.load_default_ref.py' returned non-zero exit status 1.
[Mon Jun  3 15:25:05 2024]
Error in rule reference_DEFAULT:
    jobid: 3
    input: /jarre/scenario/ocisse/ESPO-G6-stage/reference/ref_north_nodup_default.zarr, /jarre/scenario/ocisse/ESPO-G6-stage/reference/ref_north_nodup_default.zarr, /jarre/scenario/ocisse/ESPO-G6-stage/reference/ref_north_nodup_default.zarr
    output: ref/ref_north_nodup_default.zarr

RuleException:
CalledProcessError in file /home/ocisse/ESPO-G-stage-snakemake/espo_snakemake/Snakefile, line 26:
Command 'set -euo pipefail;  /exec/ocisse/.conda/envs/premierenv/bin/python3.12 /home/ocisse/ESPO-G-stage-snakemake/espo_snakemake/.snakemake/scripts/tmp7ksdhc64.load_default_ref.py' returned non-zero exit status 1.
[Mon Jun  3 15:25:05 2024]
Error in rule reference_DEFAULT:
    jobid: 1
    input: /jarre/scenario/ocisse/ESPO-G6-stage/reference/ref_south_nodup_default.zarr, /jarre/scenario/ocisse/ESPO-G6-stage/reference/ref_south_nodup_default.zarr, /jarre/scenario/ocisse/ESPO-G6-stage/reference/ref_south_nodup_default.zarr
    output: ref/ref_south_nodup_default.zarr

RuleException:
CalledProcessError in file /home/ocisse/ESPO-G-stage-snakemake/espo_snakemake/Snakefile, line 42:
Command 'set -euo pipefail;  /exec/ocisse/.conda/envs/premierenv/bin/python3.12 /home/ocisse/ESPO-G-stage-snakemake/espo_snakemake/.snakemake/scripts/tmpdypmvtr4.load_noleap_ref.py' returned non-zero exit status 1.
[Mon Jun  3 15:25:05 2024]
Error in rule reference_NOLEAP:
    jobid: 5
    input: /jarre/scenario/ocisse/ESPO-G6-stage/reference/ref_middle_nodup_noleap.zarr, /jarre/scenario/ocisse/ESPO-G6-stage/reference/ref_middle_nodup_noleap.zarr, /jarre/scenario/ocisse/ESPO-G6-stage/reference/ref_middle_nodup_noleap.zarr
    output: ref/ref_middle_nodup_noleap.zarr

RuleException:
CalledProcessError in file /home/ocisse/ESPO-G-stage-snakemake/espo_snakemake/Snakefile, line 58:
Command 'set -euo pipefail;  /exec/ocisse/.conda/envs/premierenv/bin/python3.12 /home/ocisse/ESPO-G-stage-snakemake/espo_snakemake/.snakemake/scripts/tmplv_fswg8.load_360_day_ref.py' returned non-zero exit status 1.
[Mon Jun  3 15:25:05 2024]
Error in rule reference_360_DAY:
    jobid: 9
    input: /jarre/scenario/ocisse/ESPO-G6-stage/reference/ref_north_nodup_360_day.zarr, /jarre/scenario/ocisse/ESPO-G6-stage/reference/ref_north_nodup_360_day.zarr, /jarre/scenario/ocisse/ESPO-G6-stage/reference/ref_north_nodup_360_day.zarr
    output: ref/ref_north_nodup_360_day.zarr

Shutting down, this might take some time.
Exiting because a job execution failed. Look above for error message
Complete log: .snakemake/log/2024-06-03T152417.411102.snakemake.log
WorkflowError:
At least one job did not complete successfully.
