Building DAG of jobs...
Using shell: /usr/bin/bash
Provided cores: 10
Rules claiming more threads will be scaled down.
Job stats:
job                  count
-----------------  -------
all                      1
extract                  1
reference_DEFAULT        2
reference_NOLEAP         1
regrid                   1
total                    6

Select jobs to execute...
Execute 3 jobs...

[Mon Jun 10 15:34:52 2024]
localrule reference_DEFAULT:
    output: /jarre/scenario/ocisse/ESPO-G6-stage/reference/ref_south_nodup_regridded.zarr/exec/ocisse/ESPO-G6-stage/ESPO-G_workdir/NAM_middle_nodup_regridded.zarr/exec/ocisse/ESPO-G6-stage/ESPO-G_workdir/NAM_north_nodup_default.zarr
    log: logs/reference_DEFAULT_south_nodup_regridded.zarr/exec/ocisse/ESPO-G6-stage/ESPO-G_workdir/NAM_middle_nodup_regridded.zarr/exec/ocisse/ESPO-G6-stage/ESPO-G_workdir/NAM_north_nodup
    jobid: 3
    reason: Missing output files: /jarre/scenario/ocisse/ESPO-G6-stage/reference/ref_south_nodup_regridded.zarr/exec/ocisse/ESPO-G6-stage/ESPO-G_workdir/NAM_middle_nodup_regridded.zarr/exec/ocisse/ESPO-G6-stage/ESPO-G_workdir/NAM_north_nodup_default.zarr
    wildcards: region=south_nodup_regridded.zarr/exec/ocisse/ESPO-G6-stage/ESPO-G_workdir/NAM_middle_nodup_regridded.zarr/exec/ocisse/ESPO-G6-stage/ESPO-G_workdir/NAM_north_nodup
    resources: tmpdir=/tmp

[Mon Jun 10 15:34:52 2024]
localrule reference_DEFAULT:
    output: /jarre/scenario/ocisse/ESPO-G6-stage/reference/ref_south_nodup_default.zarr
    log: logs/reference_DEFAULT_south_nodup
    jobid: 5
    reason: Forced execution
    wildcards: region=south_nodup
    resources: tmpdir=/tmp

[Mon Jun 10 15:34:52 2024]
localrule extract:
    output: /exec/ocisse/ESPO-G6-stage/ESPO-G_workdir/NAM_south_nodup_regridded.zarr/exec/ocisse/ESPO-G6-stage/ESPO-G_workdir/NAM_middle_nodup_regridded.zarr/exec/ocisse/ESPO-G6-stage/ESPO-G_workdir/NAM_north_nodup_extracted.zarr
    log: logs/extract_NAM_south_nodup_regridded.zarr/exec/ocisse/ESPO-G6-stage/ESPO-G_workdir/NAM_middle_nodup_regridded.zarr/exec/ocisse/ESPO-G6-stage/ESPO-G_workdir/NAM_north_nodup
    jobid: 4
    reason: Missing output files: /exec/ocisse/ESPO-G6-stage/ESPO-G_workdir/NAM_south_nodup_regridded.zarr/exec/ocisse/ESPO-G6-stage/ESPO-G_workdir/NAM_middle_nodup_regridded.zarr/exec/ocisse/ESPO-G6-stage/ESPO-G_workdir/NAM_north_nodup_extracted.zarr
    wildcards: region=south_nodup_regridded.zarr/exec/ocisse/ESPO-G6-stage/ESPO-G_workdir/NAM_middle_nodup_regridded.zarr/exec/ocisse/ESPO-G6-stage/ESPO-G_workdir/NAM_north_nodup
    resources: tmpdir=/tmp

Waiting at most 5 seconds for missing files.
RuleException:
CalledProcessError in file /home/ocisse/ESPO-G-stage-snakemake/espo_snakemake/workflow/rules/extract.smk, line 12:
Command 'set -euo pipefail;  /exec/ocisse/.conda/envs/premierenv/bin/python3.12 /home/ocisse/ESPO-G-stage-snakemake/espo_snakemake/.snakemake/scripts/tmp30q1izce.extract.py' died with <Signals.SIGINT: 2>.
[Mon Jun 10 15:35:02 2024]
Error in rule extract:
    jobid: 4
    output: /exec/ocisse/ESPO-G6-stage/ESPO-G_workdir/NAM_south_nodup_regridded.zarr/exec/ocisse/ESPO-G6-stage/ESPO-G_workdir/NAM_middle_nodup_regridded.zarr/exec/ocisse/ESPO-G6-stage/ESPO-G_workdir/NAM_north_nodup_extracted.zarr
    log: logs/extract_NAM_south_nodup_regridded.zarr/exec/ocisse/ESPO-G6-stage/ESPO-G_workdir/NAM_middle_nodup_regridded.zarr/exec/ocisse/ESPO-G6-stage/ESPO-G_workdir/NAM_north_nodup (check log file(s) for error details)

Terminating processes on user request, this might take some time.
RuleException:
CalledProcessError in file /home/ocisse/ESPO-G-stage-snakemake/espo_snakemake/workflow/rules/Makeref.smk, line 14:
Command 'set -euo pipefail;  /exec/ocisse/.conda/envs/premierenv/bin/python3.12 /home/ocisse/ESPO-G-stage-snakemake/espo_snakemake/.snakemake/scripts/tmp2j6me5o_.load_default_ref.py' died with <Signals.SIGINT: 2>.
[Mon Jun 10 15:35:03 2024]
Error in rule reference_DEFAULT:
    jobid: 5
    output: /jarre/scenario/ocisse/ESPO-G6-stage/reference/ref_south_nodup_default.zarr
    log: logs/reference_DEFAULT_south_nodup (check log file(s) for error details)

Complete log: .snakemake/log/2024-06-10T153452.190310.snakemake.log
WorkflowError:
At least one job did not complete successfully.
