Building DAG of jobs...
Using shell: /usr/bin/bash
Provided cores: 10
Rules claiming more threads will be scaled down.
Job stats:
job        count
-------  -------
all            1
extract        1
total          2

Select jobs to execute...
Execute 1 jobs...

[Mon Jun 10 12:02:02 2024]
localrule extract:
    output: /exec/ocisse/ESPO-G6-stage/ESPO-G_workdir/NAM_south_nodup_extracted.zarr/exec/ocisse/ESPO-G6-stage/ESPO-G_workdir/NAM_middle_nodup_extracted.zarr/exec/ocisse/ESPO-G6-stage/ESPO-G_workdir/NAM_north_nodup_extracted.zarr
    log: logs/concat_NAM_south_nodup_extracted.zarr/exec/ocisse/ESPO-G6-stage/ESPO-G_workdir/NAM_middle_nodup_extracted.zarr/exec/ocisse/ESPO-G6-stage/ESPO-G_workdir/NAM_north_nodup
    jobid: 1
    reason: Missing output files: /exec/ocisse/ESPO-G6-stage/ESPO-G_workdir/NAM_south_nodup_extracted.zarr/exec/ocisse/ESPO-G6-stage/ESPO-G_workdir/NAM_middle_nodup_extracted.zarr/exec/ocisse/ESPO-G6-stage/ESPO-G_workdir/NAM_north_nodup_extracted.zarr
    wildcards: region=south_nodup_extracted.zarr/exec/ocisse/ESPO-G6-stage/ESPO-G_workdir/NAM_middle_nodup_extracted.zarr/exec/ocisse/ESPO-G6-stage/ESPO-G_workdir/NAM_north_nodup
    resources: tmpdir=/tmp

RuleException:
CalledProcessError in file /home/ocisse/ESPO-G-stage-snakemake/espo_snakemake/workflow/rules/extract.smk, line 12:
Command 'set -euo pipefail;  /exec/ocisse/.conda/envs/premierenv/bin/python3.12 /home/ocisse/ESPO-G-stage-snakemake/espo_snakemake/.snakemake/scripts/tmp745qgpx9.extract.py' returned non-zero exit status 1.
[Mon Jun 10 12:02:55 2024]
Error in rule extract:
    jobid: 1
    output: /exec/ocisse/ESPO-G6-stage/ESPO-G_workdir/NAM_south_nodup_extracted.zarr/exec/ocisse/ESPO-G6-stage/ESPO-G_workdir/NAM_middle_nodup_extracted.zarr/exec/ocisse/ESPO-G6-stage/ESPO-G_workdir/NAM_north_nodup_extracted.zarr
    log: logs/concat_NAM_south_nodup_extracted.zarr/exec/ocisse/ESPO-G6-stage/ESPO-G_workdir/NAM_middle_nodup_extracted.zarr/exec/ocisse/ESPO-G6-stage/ESPO-G_workdir/NAM_north_nodup (check log file(s) for error details)

Shutting down, this might take some time.
Exiting because a job execution failed. Look above for error message
Complete log: .snakemake/log/2024-06-10T120201.622826.snakemake.log
WorkflowError:
At least one job did not complete successfully.
