Building DAG of jobs...
Using shell: /usr/bin/bash
Provided cores: 10
Rules claiming more threads will be scaled down.
Job stats:
job            count
-----------  -------
diagnostics        1
total              1

Select jobs to execute...
Execute 1 jobs...

[Thu Jun  6 16:31:03 2024]
localrule diagnostics:
    input: /jarre/scenario/ocisse/ESPO-G6-stage/cat_ESPO-G6.json
    output: /jarre/scenario/ocisse/ESPO-G6-stage/diagnostics/ECMW-ERA5-Land_NAM/diag-ref-prop_ECMW-ERA5-Land_NAM_south_nodup.zarr
    log: logs/diagnostics_south_nodup
    jobid: 0
    reason: Missing output files: /jarre/scenario/ocisse/ESPO-G6-stage/diagnostics/ECMW-ERA5-Land_NAM/diag-ref-prop_ECMW-ERA5-Land_NAM_south_nodup.zarr
    wildcards: region=south_nodup
    resources: tmpdir=/tmp

Terminating processes on user request, this might take some time.
