Building DAG of jobs...
Using shell: /usr/bin/bash
Provided cores: 10
Rules claiming more threads will be scaled down.
Job stats:
job                     count
--------------------  -------
concat_diag_ref_prop        1
reference_360_DAY           3
reference_NOLEAP            3
total                       7

Select jobs to execute...
Execute 6 jobs...

[Fri Jun  7 18:13:53 2024]
localrule reference_NOLEAP:
    input: /jarre/scenario/ocisse/ESPO-G6-stage/reference/ref_south_nodup_default.zarr
    output: /jarre/scenario/ocisse/ESPO-G6-stage/reference/ref_south_nodup_noleap.zarr
    log: logs/reference_NOLEAP_south_nodup
    jobid: 4
    reason: Missing output files: /jarre/scenario/ocisse/ESPO-G6-stage/reference/ref_south_nodup_noleap.zarr
    wildcards: region=south_nodup
    resources: tmpdir=/tmp

[Fri Jun  7 18:13:53 2024]
localrule reference_360_DAY:
    input: /jarre/scenario/ocisse/ESPO-G6-stage/reference/ref_middle_nodup_default.zarr
    output: /jarre/scenario/ocisse/ESPO-G6-stage/reference/ref_middle_nodup_360_day.zarr
    log: logs/reference_360_DAY_middle_nodup
    jobid: 8
    reason: Missing output files: /jarre/scenario/ocisse/ESPO-G6-stage/reference/ref_middle_nodup_360_day.zarr
    wildcards: region=middle_nodup
    resources: tmpdir=/tmp

[Fri Jun  7 18:13:53 2024]
localrule reference_NOLEAP:
    input: /jarre/scenario/ocisse/ESPO-G6-stage/reference/ref_middle_nodup_default.zarr
    output: /jarre/scenario/ocisse/ESPO-G6-stage/reference/ref_middle_nodup_noleap.zarr
    log: logs/reference_NOLEAP_middle_nodup
    jobid: 5
    reason: Missing output files: /jarre/scenario/ocisse/ESPO-G6-stage/reference/ref_middle_nodup_noleap.zarr
    wildcards: region=middle_nodup
    resources: tmpdir=/tmp

[Fri Jun  7 18:13:53 2024]
localrule reference_360_DAY:
    input: /jarre/scenario/ocisse/ESPO-G6-stage/reference/ref_north_nodup_default.zarr
    output: /jarre/scenario/ocisse/ESPO-G6-stage/reference/ref_north_nodup_360_day.zarr
    log: logs/reference_360_DAY_north_nodup
    jobid: 9
    reason: Missing output files: /jarre/scenario/ocisse/ESPO-G6-stage/reference/ref_north_nodup_360_day.zarr
    wildcards: region=north_nodup
    resources: tmpdir=/tmp

[Fri Jun  7 18:13:53 2024]
localrule reference_NOLEAP:
    input: /jarre/scenario/ocisse/ESPO-G6-stage/reference/ref_north_nodup_default.zarr
    output: /jarre/scenario/ocisse/ESPO-G6-stage/reference/ref_north_nodup_noleap.zarr
    log: logs/reference_NOLEAP_north_nodup
    jobid: 6
    reason: Missing output files: /jarre/scenario/ocisse/ESPO-G6-stage/reference/ref_north_nodup_noleap.zarr
    wildcards: region=north_nodup
    resources: tmpdir=/tmp

[Fri Jun  7 18:13:53 2024]
localrule reference_360_DAY:
    input: /jarre/scenario/ocisse/ESPO-G6-stage/reference/ref_south_nodup_default.zarr
    output: /jarre/scenario/ocisse/ESPO-G6-stage/reference/ref_south_nodup_360_day.zarr
    log: logs/reference_360_DAY_south_nodup
    jobid: 7
    reason: Missing output files: /jarre/scenario/ocisse/ESPO-G6-stage/reference/ref_south_nodup_360_day.zarr
    wildcards: region=south_nodup
    resources: tmpdir=/tmp

RuleException:
CalledProcessError in file /home/ocisse/ESPO-G-stage-snakemake/espo_snakemake/workflow/rules/Makeref.smk, line 34:
Command 'set -euo pipefail;  /exec/ocisse/.conda/envs/premierenv/bin/python3.12 /home/ocisse/ESPO-G-stage-snakemake/espo_snakemake/.snakemake/scripts/tmpep6vfwsl.load_360_day_ref.py' returned non-zero exit status 1.
[Fri Jun  7 18:14:11 2024]
Error in rule reference_360_DAY:
    jobid: 9
    input: /jarre/scenario/ocisse/ESPO-G6-stage/reference/ref_north_nodup_default.zarr
    output: /jarre/scenario/ocisse/ESPO-G6-stage/reference/ref_north_nodup_360_day.zarr
    log: logs/reference_360_DAY_north_nodup (check log file(s) for error details)

RuleException:
CalledProcessError in file /home/ocisse/ESPO-G-stage-snakemake/espo_snakemake/workflow/rules/Makeref.smk, line 34:
Command 'set -euo pipefail;  /exec/ocisse/.conda/envs/premierenv/bin/python3.12 /home/ocisse/ESPO-G-stage-snakemake/espo_snakemake/.snakemake/scripts/tmp49z4ytpo.load_360_day_ref.py' returned non-zero exit status 1.
[Fri Jun  7 18:14:11 2024]
Error in rule reference_360_DAY:
    jobid: 8
    input: /jarre/scenario/ocisse/ESPO-G6-stage/reference/ref_middle_nodup_default.zarr
    output: /jarre/scenario/ocisse/ESPO-G6-stage/reference/ref_middle_nodup_360_day.zarr
    log: logs/reference_360_DAY_middle_nodup (check log file(s) for error details)

RuleException:
CalledProcessError in file /home/ocisse/ESPO-G-stage-snakemake/espo_snakemake/workflow/rules/Makeref.smk, line 24:
Command 'set -euo pipefail;  /exec/ocisse/.conda/envs/premierenv/bin/python3.12 /home/ocisse/ESPO-G-stage-snakemake/espo_snakemake/.snakemake/scripts/tmpa0364xdw.load_noleap_ref.py' returned non-zero exit status 1.
[Fri Jun  7 18:14:11 2024]
Error in rule reference_NOLEAP:
    jobid: 6
    input: /jarre/scenario/ocisse/ESPO-G6-stage/reference/ref_north_nodup_default.zarr
    output: /jarre/scenario/ocisse/ESPO-G6-stage/reference/ref_north_nodup_noleap.zarr
    log: logs/reference_NOLEAP_north_nodup (check log file(s) for error details)

RuleException:
CalledProcessError in file /home/ocisse/ESPO-G-stage-snakemake/espo_snakemake/workflow/rules/Makeref.smk, line 24:
Command 'set -euo pipefail;  /exec/ocisse/.conda/envs/premierenv/bin/python3.12 /home/ocisse/ESPO-G-stage-snakemake/espo_snakemake/.snakemake/scripts/tmp0tpf15q2.load_noleap_ref.py' returned non-zero exit status 1.
[Fri Jun  7 18:14:12 2024]
Error in rule reference_NOLEAP:
    jobid: 5
    input: /jarre/scenario/ocisse/ESPO-G6-stage/reference/ref_middle_nodup_default.zarr
    output: /jarre/scenario/ocisse/ESPO-G6-stage/reference/ref_middle_nodup_noleap.zarr
    log: logs/reference_NOLEAP_middle_nodup (check log file(s) for error details)

RuleException:
CalledProcessError in file /home/ocisse/ESPO-G-stage-snakemake/espo_snakemake/workflow/rules/Makeref.smk, line 24:
Command 'set -euo pipefail;  /exec/ocisse/.conda/envs/premierenv/bin/python3.12 /home/ocisse/ESPO-G-stage-snakemake/espo_snakemake/.snakemake/scripts/tmplwsq6uyz.load_noleap_ref.py' returned non-zero exit status 1.
[Fri Jun  7 18:14:12 2024]
Error in rule reference_NOLEAP:
    jobid: 4
    input: /jarre/scenario/ocisse/ESPO-G6-stage/reference/ref_south_nodup_default.zarr
    output: /jarre/scenario/ocisse/ESPO-G6-stage/reference/ref_south_nodup_noleap.zarr
    log: logs/reference_NOLEAP_south_nodup (check log file(s) for error details)

RuleException:
CalledProcessError in file /home/ocisse/ESPO-G-stage-snakemake/espo_snakemake/workflow/rules/Makeref.smk, line 34:
Command 'set -euo pipefail;  /exec/ocisse/.conda/envs/premierenv/bin/python3.12 /home/ocisse/ESPO-G-stage-snakemake/espo_snakemake/.snakemake/scripts/tmp0apslm0n.load_360_day_ref.py' returned non-zero exit status 1.
[Fri Jun  7 18:14:13 2024]
Error in rule reference_360_DAY:
    jobid: 7
    input: /jarre/scenario/ocisse/ESPO-G6-stage/reference/ref_south_nodup_default.zarr
    output: /jarre/scenario/ocisse/ESPO-G6-stage/reference/ref_south_nodup_360_day.zarr
    log: logs/reference_360_DAY_south_nodup (check log file(s) for error details)

Shutting down, this might take some time.
Exiting because a job execution failed. Look above for error message
Complete log: .snakemake/log/2024-06-07T181353.143553.snakemake.log
WorkflowError:
At least one job did not complete successfully.
