Building DAG of jobs...
Using shell: /usr/bin/bash
Provided cores: 10
Rules claiming more threads will be scaled down.
Job stats:
job                  count
-----------------  -------
reference_DEFAULT        1
reference_NOLEAP         1
total                    2

Select jobs to execute...
Execute 1 jobs...

[Fri Jun  7 10:05:18 2024]
localrule reference_DEFAULT:
    output: /jarre/scenario/ocisse/ESPO-G6-stage/reference/ref_south_nodup_default.zarr
    log: logs/reference_DEFAULT_south_nodup
    jobid: 1
    reason: Code has changed since last execution
    wildcards: region=south_nodup
    resources: tmpdir=/tmp

Skipped removing non-empty directory /jarre/scenario/ocisse/ESPO-G6-stage/reference/ref_south_nodup_default.zarr
Terminating processes on user request, this might take some time.
RuleException:
CalledProcessError in file /home/ocisse/ESPO-G-stage-snakemake/espo_snakemake/workflow/rules/Makeref.smk, line 13:
Command 'set -euo pipefail;  /exec/ocisse/.conda/envs/premierenv/bin/python3.12 /home/ocisse/ESPO-G-stage-snakemake/espo_snakemake/.snakemake/scripts/tmpsav8_d_i.load_default_ref.py' died with <Signals.SIGINT: 2>.
[Fri Jun  7 10:05:56 2024]
Error in rule reference_DEFAULT:
    jobid: 1
    output: /jarre/scenario/ocisse/ESPO-G6-stage/reference/ref_south_nodup_default.zarr
    log: logs/reference_DEFAULT_south_nodup (check log file(s) for error details)

Complete log: .snakemake/log/2024-06-07T100518.179917.snakemake.log
WorkflowError:
At least one job did not complete successfully.
