Building DAG of jobs...
Using shell: /usr/bin/bash
Provided cores: 10
Rules claiming more threads will be scaled down.
Job stats:
job        count
-------  -------
all            1
extract        1
total          2

Select jobs to execute...
Execute 1 jobs...

[Mon Jun 10 12:12:17 2024]
localrule extract:
    output: /exec/ocisse/ESPO-G6-stage/ESPO-G_workdir/NAM_south_nodup_extracted.zarr/exec/ocisse/ESPO-G6-stage/ESPO-G_workdir/NAM_middle_nodup_extracted.zarr/exec/ocisse/ESPO-G6-stage/ESPO-G_workdir/NAM_north_nodup_extracted.zarr
    log: logs/concat_NAM_south_nodup_extracted.zarr/exec/ocisse/ESPO-G6-stage/ESPO-G_workdir/NAM_middle_nodup_extracted.zarr/exec/ocisse/ESPO-G6-stage/ESPO-G_workdir/NAM_north_nodup
    jobid: 1
    reason: Missing output files: /exec/ocisse/ESPO-G6-stage/ESPO-G_workdir/NAM_south_nodup_extracted.zarr/exec/ocisse/ESPO-G6-stage/ESPO-G_workdir/NAM_middle_nodup_extracted.zarr/exec/ocisse/ESPO-G6-stage/ESPO-G_workdir/NAM_north_nodup_extracted.zarr
    wildcards: region=south_nodup_extracted.zarr/exec/ocisse/ESPO-G6-stage/ESPO-G_workdir/NAM_middle_nodup_extracted.zarr/exec/ocisse/ESPO-G6-stage/ESPO-G_workdir/NAM_north_nodup
    resources: tmpdir=/tmp

[Mon Jun 10 12:43:32 2024]
Finished job 1.
1 of 2 steps (50%) done
Select jobs to execute...
Execute 1 jobs...

[Mon Jun 10 12:43:32 2024]
localrule all:
    input: /exec/ocisse/ESPO-G6-stage/ESPO-G_workdir/NAM_south_nodup_extracted.zarr/exec/ocisse/ESPO-G6-stage/ESPO-G_workdir/NAM_middle_nodup_extracted.zarr/exec/ocisse/ESPO-G6-stage/ESPO-G_workdir/NAM_north_nodup_extracted.zarr
    jobid: 0
    reason: Input files updated by another job: /exec/ocisse/ESPO-G6-stage/ESPO-G_workdir/NAM_south_nodup_extracted.zarr/exec/ocisse/ESPO-G6-stage/ESPO-G_workdir/NAM_middle_nodup_extracted.zarr/exec/ocisse/ESPO-G6-stage/ESPO-G_workdir/NAM_north_nodup_extracted.zarr
    resources: tmpdir=/tmp

[Mon Jun 10 12:43:32 2024]
Finished job 0.
2 of 2 steps (100%) done
Complete log: .snakemake/log/2024-06-10T121217.386401.snakemake.log
