Building DAG of jobs...
Using shell: /usr/bin/bash
Provided cores: 10
Rules claiming more threads will be scaled down.
Job stats:
job                     count
--------------------  -------
all                         1
concat_diag_ref_prop        1
total                       2

Select jobs to execute...
Execute 1 jobs...

[Mon Jun 10 09:52:30 2024]
localrule concat_diag_ref_prop:
    input: /jarre/scenario/ocisse/ESPO-G6-stage/diagnostics/south_nodup/ECMW-ERA5-Land_NAM/diag-ref-prop_ECMW-ERA5-Land_NAM_south_nodup.zarr, /jarre/scenario/ocisse/ESPO-G6-stage/diagnostics/middle_nodup/ECMW-ERA5-Land_NAM/diag-ref-prop_ECMW-ERA5-Land_NAM_middle_nodup.zarr, /jarre/scenario/ocisse/ESPO-G6-stage/diagnostics/north_nodup/ECMW-ERA5-Land_NAM/diag-ref-prop_ECMW-ERA5-Land_NAM_north_nodup.zarr
    output: /jarre/scenario/ocisse/ESPO-G6-stage/diagnostics/NAM/ECMWF-ERA5-Land_NAM/diag-ref-prop_ECMWF-ERA5-Land_NAM.zar
    log: logs/concat_NAM
    jobid: 1
    reason: Set of input files has changed since last execution; Code has changed since last execution
    resources: tmpdir=/tmp

[Mon Jun 10 09:52:50 2024]
Finished job 1.
1 of 2 steps (50%) done
Select jobs to execute...
Execute 1 jobs...

[Mon Jun 10 09:52:50 2024]
localrule all:
    input: /jarre/scenario/ocisse/ESPO-G6-stage/diagnostics/NAM/ECMWF-ERA5-Land_NAM/diag-ref-prop_ECMWF-ERA5-Land_NAM.zar
    jobid: 0
    reason: Input files updated by another job: /jarre/scenario/ocisse/ESPO-G6-stage/diagnostics/NAM/ECMWF-ERA5-Land_NAM/diag-ref-prop_ECMWF-ERA5-Land_NAM.zar
    resources: tmpdir=/tmp

[Mon Jun 10 09:52:50 2024]
Finished job 0.
2 of 2 steps (100%) done
Complete log: .snakemake/log/2024-06-10T095230.574481.snakemake.log
