Building DAG of jobs...
Using shell: /usr/bin/bash
Provided cores: 10
Rules claiming more threads will be scaled down.
Job stats:
job                     count
--------------------  -------
all                         1
concat_diag_ref_prop        1
total                       2

Select jobs to execute...
Execute 1 jobs...

[Mon Jun 10 09:37:43 2024]
localrule concat_diag_ref_prop:
    input: /jarre/scenario/ocisse/ESPO-G6-stage/reference/ref_south_nodup_default.zarr, /jarre/scenario/ocisse/ESPO-G6-stage/reference/ref_middle_nodup_default.zarr, /jarre/scenario/ocisse/ESPO-G6-stage/reference/ref_north_nodup_default.zarr, /jarre/scenario/ocisse/ESPO-G6-stage/reference/ref_south_nodup_noleap.zarr, /jarre/scenario/ocisse/ESPO-G6-stage/reference/ref_middle_nodup_noleap.zarr, /jarre/scenario/ocisse/ESPO-G6-stage/reference/ref_north_nodup_noleap.zarr, /jarre/scenario/ocisse/ESPO-G6-stage/reference/ref_south_nodup_360_day.zarr, /jarre/scenario/ocisse/ESPO-G6-stage/reference/ref_middle_nodup_360_day.zarr, /jarre/scenario/ocisse/ESPO-G6-stage/reference/ref_north_nodup_360_day.zarr, /jarre/scenario/ocisse/ESPO-G6-stage/diagnostics/south_nodup/ECMW-ERA5-Land_NAM/diag-ref-prop_ECMW-ERA5-Land_NAM_south_nodup.zarr, /jarre/scenario/ocisse/ESPO-G6-stage/diagnostics/middle_nodup/ECMW-ERA5-Land_NAM/diag-ref-prop_ECMW-ERA5-Land_NAM_middle_nodup.zarr, /jarre/scenario/ocisse/ESPO-G6-stage/diagnostics/north_nodup/ECMW-ERA5-Land_NAM/diag-ref-prop_ECMW-ERA5-Land_NAM_north_nodup.zarr
    output: /jarre/scenario/ocisse/ESPO-G6-stage/diagnostics/NAM/ECMWF-ERA5-Land_NAM/diag-ref-prop_ECMWF-ERA5-Land_NAM.zar
    log: logs/concat_NAM
    jobid: 1
    reason: Missing output files: /jarre/scenario/ocisse/ESPO-G6-stage/diagnostics/NAM/ECMWF-ERA5-Land_NAM/diag-ref-prop_ECMWF-ERA5-Land_NAM.zar
    resources: tmpdir=/tmp

RuleException:
CalledProcessError in file /home/ocisse/ESPO-G-stage-snakemake/espo_snakemake/workflow/rules/Makeref.smk, line 57:
Command 'set -euo pipefail;  /exec/ocisse/.conda/envs/premierenv/bin/python3.12 /home/ocisse/ESPO-G-stage-snakemake/espo_snakemake/.snakemake/scripts/tmpo5z97ql_.concat.py' returned non-zero exit status 1.
[Mon Jun 10 09:38:00 2024]
Error in rule concat_diag_ref_prop:
    jobid: 1
    input: /jarre/scenario/ocisse/ESPO-G6-stage/reference/ref_south_nodup_default.zarr, /jarre/scenario/ocisse/ESPO-G6-stage/reference/ref_middle_nodup_default.zarr, /jarre/scenario/ocisse/ESPO-G6-stage/reference/ref_north_nodup_default.zarr, /jarre/scenario/ocisse/ESPO-G6-stage/reference/ref_south_nodup_noleap.zarr, /jarre/scenario/ocisse/ESPO-G6-stage/reference/ref_middle_nodup_noleap.zarr, /jarre/scenario/ocisse/ESPO-G6-stage/reference/ref_north_nodup_noleap.zarr, /jarre/scenario/ocisse/ESPO-G6-stage/reference/ref_south_nodup_360_day.zarr, /jarre/scenario/ocisse/ESPO-G6-stage/reference/ref_middle_nodup_360_day.zarr, /jarre/scenario/ocisse/ESPO-G6-stage/reference/ref_north_nodup_360_day.zarr, /jarre/scenario/ocisse/ESPO-G6-stage/diagnostics/south_nodup/ECMW-ERA5-Land_NAM/diag-ref-prop_ECMW-ERA5-Land_NAM_south_nodup.zarr, /jarre/scenario/ocisse/ESPO-G6-stage/diagnostics/middle_nodup/ECMW-ERA5-Land_NAM/diag-ref-prop_ECMW-ERA5-Land_NAM_middle_nodup.zarr, /jarre/scenario/ocisse/ESPO-G6-stage/diagnostics/north_nodup/ECMW-ERA5-Land_NAM/diag-ref-prop_ECMW-ERA5-Land_NAM_north_nodup.zarr
    output: /jarre/scenario/ocisse/ESPO-G6-stage/diagnostics/NAM/ECMWF-ERA5-Land_NAM/diag-ref-prop_ECMWF-ERA5-Land_NAM.zar
    log: logs/concat_NAM (check log file(s) for error details)

Shutting down, this might take some time.
Exiting because a job execution failed. Look above for error message
Complete log: .snakemake/log/2024-06-10T093743.271864.snakemake.log
WorkflowError:
At least one job did not complete successfully.
