Building DAG of jobs...
Using shell: /usr/bin/bash
Provided cores: 10
Rules claiming more threads will be scaled down.
Job stats:
job                  count
-----------------  -------
all                      1
diagnostics              1
reference_DEFAULT        1
total                    3

Select jobs to execute...
Execute 1 jobs...

[Fri Jun  7 11:47:19 2024]
localrule reference_DEFAULT:
    output: /jarre/scenario/ocisse/ESPO-G6-stage/reference/ref_south_nodup.zarr/jarre/scenario/ocisse/ESPO-G6-stage/diagnostics/ECMW-ERA5-Land_NAM/diag-ref-prop_ECMW-ERA5-Land_NAM_middle_nodup.zarr/jarre/scenario/ocisse/ESPO-G6-stage/diagnostics/ECMW-ERA5-Land_NAM/diag-ref-prop_ECMW-ERA5-Land_NAM_north_nodup_default.zarr
    log: logs/reference_DEFAULT_south_nodup.zarr/jarre/scenario/ocisse/ESPO-G6-stage/diagnostics/ECMW-ERA5-Land_NAM/diag-ref-prop_ECMW-ERA5-Land_NAM_middle_nodup.zarr/jarre/scenario/ocisse/ESPO-G6-stage/diagnostics/ECMW-ERA5-Land_NAM/diag-ref-prop_ECMW-ERA5-Land_NAM_north_nodup
    jobid: 2
    reason: Missing output files: /jarre/scenario/ocisse/ESPO-G6-stage/reference/ref_south_nodup.zarr/jarre/scenario/ocisse/ESPO-G6-stage/diagnostics/ECMW-ERA5-Land_NAM/diag-ref-prop_ECMW-ERA5-Land_NAM_middle_nodup.zarr/jarre/scenario/ocisse/ESPO-G6-stage/diagnostics/ECMW-ERA5-Land_NAM/diag-ref-prop_ECMW-ERA5-Land_NAM_north_nodup_default.zarr
    wildcards: region=south_nodup.zarr/jarre/scenario/ocisse/ESPO-G6-stage/diagnostics/ECMW-ERA5-Land_NAM/diag-ref-prop_ECMW-ERA5-Land_NAM_middle_nodup.zarr/jarre/scenario/ocisse/ESPO-G6-stage/diagnostics/ECMW-ERA5-Land_NAM/diag-ref-prop_ECMW-ERA5-Land_NAM_north_nodup
    resources: tmpdir=/tmp

Waiting at most 5 seconds for missing files.
MissingOutputException in rule reference_DEFAULT in file /home/ocisse/ESPO-G-stage-snakemake/espo_snakemake/workflow/rules/Makeref.smk, line 7:
Job 2  completed successfully, but some output files are missing. Missing files after 5 seconds. This might be due to filesystem latency. If that is the case, consider to increase the wait time with --latency-wait:
/jarre/scenario/ocisse/ESPO-G6-stage/reference/ref_south_nodup.zarr/jarre/scenario/ocisse/ESPO-G6-stage/diagnostics/ECMW-ERA5-Land_NAM/diag-ref-prop_ECMW-ERA5-Land_NAM_middle_nodup.zarr/jarre/scenario/ocisse/ESPO-G6-stage/diagnostics/ECMW-ERA5-Land_NAM/diag-ref-prop_ECMW-ERA5-Land_NAM_north_nodup_default.zarr (missing locally, parent dir contents: )
Shutting down, this might take some time.
Exiting because a job execution failed. Look above for error message
Complete log: .snakemake/log/2024-06-07T114719.441298.snakemake.log
WorkflowError:
At least one job did not complete successfully.
