Building DAG of jobs...
Using shell: /cvmfs/soft.computecanada.ca/gentoo/2023/x86-64-v3/usr/bin/bash
Provided cores: 10
Rules claiming more threads will be scaled down.
Provided resources: mem_mb=50000, mem_mib=47684, disk_mb=1000, disk_mib=954, time=5
Select jobs to execute...
Execute 1 jobs...

[Fri Jul 26 13:03:05 2024]
localrule reference_360_DAY:
    input: /project/ctb-frigon/oumou/ESPO-G6-SNAKEMAKE/reference/ref_north_nodup_default.zarr
    output: /project/ctb-frigon/oumou/ESPO-G6-SNAKEMAKE/reference/ref_north_nodup_360_day.zarr
    jobid: 0
    reason: Forced execution
    wildcards: region=north_nodup
    threads: 10
    resources: mem_mb=50000, mem_mib=47684, disk_mb=1000, disk_mib=954, tmpdir=/tmp, qos=high_priority, time=5

/home/oumou/.local/lib/python3.11/site-packages/distributed/node.py:182: UserWarning: Port 2051 is already in use.
Perhaps you already have a cluster running?
Hosting the HTTP server on port 39531 instead
[Fri Jul 26 13:03:19 2024]
Finished job 0.
1 of 1 steps (100%) done
Storing output in storage.
