Building DAG of jobs...
Using shell: /cvmfs/soft.computecanada.ca/gentoo/2023/x86-64-v3/usr/bin/bash
Provided cores: 10
Rules claiming more threads will be scaled down.
Provided resources: mem_mb=50000, mem_mib=47684, disk_mb=1000, disk_mib=954, time=5
Select jobs to execute...
Execute 1 jobs...

[Fri Jul 26 13:47:01 2024]
localrule reference_NOLEAP:
    input: /project/ctb-frigon/oumou/ESPO-G6-SNAKEMAKE/reference/ref_middle_nodup_default.zarr
    output: /project/ctb-frigon/oumou/ESPO-G6-SNAKEMAKE/reference/ref_middle_nodup_noleap.zarr
    jobid: 0
    reason: Forced execution
    wildcards: region=middle_nodup
    threads: 10
    resources: mem_mb=50000, mem_mib=47684, disk_mb=1000, disk_mib=954, tmpdir=/tmp, qos=high_priority, time=5

/cvmfs/soft.computecanada.ca/easybuild/software/2023/x86-64-v3/Compiler/gcccore/python/3.11.5/lib/python3.11/contextlib.py:144: UserWarning: Creating scratch directories is taking a surprisingly long time. (1.17s) This is often due to running workers on a network file system. Consider specifying a local-directory to point workers to write scratch data to a local disk.
[Fri Jul 26 13:47:14 2024]
Finished job 0.
1 of 1 steps (100%) done
Storing output in storage.
