Building DAG of jobs...
Using shell: /cvmfs/soft.computecanada.ca/gentoo/2023/x86-64-v3/usr/bin/bash
Provided cores: 10
Rules claiming more threads will be scaled down.
Provided resources: mem_mb=50000, mem_mib=47684, disk_mb=1000, disk_mib=954, time=5
Select jobs to execute...
Execute 1 jobs...

[Fri Jul 26 13:02:40 2024]
localrule reference_NOLEAP:
    input: /project/ctb-frigon/oumou/ESPO-G6-SNAKEMAKE/reference/ref_middle_nodup_default.zarr
    output: /project/ctb-frigon/oumou/ESPO-G6-SNAKEMAKE/reference/ref_middle_nodup_noleap.zarr
    jobid: 0
    reason: Forced execution
    wildcards: region=middle_nodup
    threads: 10
    resources: mem_mb=50000, mem_mib=47684, disk_mb=1000, disk_mib=954, tmpdir=/tmp, qos=high_priority, time=5

[nc31308:734367:a:734811]    ib_iface.c:746  Assertion `gid->global.interface_id != 0' failed
==== backtrace (tid: 734811) ====
 0 0x000000000001e2d0 uct_ib_iface_fill_ah_attr_from_gid_lid()  /tmp/ebuser/avx2/UCX/1.14.1/GCCcore-12.3.0/ucx-1.14.1/src/uct/ib/base/ib_iface.c:746
 1 0x000000000001e341 uct_ib_iface_fill_ah_attr_from_addr()  /tmp/ebuser/avx2/UCX/1.14.1/GCCcore-12.3.0/ucx-1.14.1/src/uct/ib/base/ib_iface.c:785
 2 0x0000000000063426 uct_ud_mlx5_iface_get_av()  /tmp/ebuser/avx2/UCX/1.14.1/GCCcore-12.3.0/ucx-1.14.1/src/uct/ib/ud/accel/ud_mlx5_common.c:48
 3 0x00000000000638f8 uct_ud_mlx5_iface_unpack_peer_address()  /tmp/ebuser/avx2/UCX/1.14.1/GCCcore-12.3.0/ucx-1.14.1/src/uct/ib/ud/accel/ud_mlx5.c:650
 4 0x0000000000059f23 uct_ud_iface_unpack_peer_address()  /tmp/ebuser/avx2/UCX/1.14.1/GCCcore-12.3.0/ucx-1.14.1/src/uct/ib/ud/base/ud_iface.h:524
 5 0x0000000000059f23 uct_ud_iface_cep_get_peer_address()  /tmp/ebuser/avx2/UCX/1.14.1/GCCcore-12.3.0/ucx-1.14.1/src/uct/ib/ud/base/ud_iface.c:50
 6 0x000000000005a14a uct_ud_iface_cep_get_ep()  /tmp/ebuser/avx2/UCX/1.14.1/GCCcore-12.3.0/ucx-1.14.1/src/uct/ib/ud/base/ud_iface.c:134
 7 0x000000000005ddc8 uct_ud_ep_rx_creq()  /tmp/ebuser/avx2/UCX/1.14.1/GCCcore-12.3.0/ucx-1.14.1/src/uct/ib/ud/base/ud_ep.c:802
 8 0x000000000005ddc8 uct_ud_ep_process_rx()  /tmp/ebuser/avx2/UCX/1.14.1/GCCcore-12.3.0/ucx-1.14.1/src/uct/ib/ud/base/ud_ep.c:993
 9 0x0000000000067b12 uct_ud_mlx5_iface_poll_rx()  /tmp/ebuser/avx2/UCX/1.14.1/GCCcore-12.3.0/ucx-1.14.1/src/uct/ib/ud/accel/ud_mlx5.c:527
10 0x0000000000067b12 uct_ud_mlx5_iface_async_progress()  /tmp/ebuser/avx2/UCX/1.14.1/GCCcore-12.3.0/ucx-1.14.1/src/uct/ib/ud/accel/ud_mlx5.c:604
11 0x00000000000635db uct_ud_iface_async_progress()  /tmp/ebuser/avx2/UCX/1.14.1/GCCcore-12.3.0/ucx-1.14.1/src/uct/ib/ud/base/ud_inl.h:274
12 0x00000000000635db uct_ud_mlx5_iface_async_handler()  /tmp/ebuser/avx2/UCX/1.14.1/GCCcore-12.3.0/ucx-1.14.1/src/uct/ib/ud/accel/ud_mlx5.c:707
13 0x00000000000170ec ucs_async_handler_invoke()  /tmp/ebuser/avx2/UCX/1.14.1/GCCcore-12.3.0/ucx-1.14.1/src/ucs/async/async.c:252
14 0x00000000000170ec ucs_async_handler_dispatch()  /tmp/ebuser/avx2/UCX/1.14.1/GCCcore-12.3.0/ucx-1.14.1/src/ucs/async/async.c:274
15 0x00000000000171fc ucs_async_dispatch_handlers()  /tmp/ebuser/avx2/UCX/1.14.1/GCCcore-12.3.0/ucx-1.14.1/src/ucs/async/async.c:306
16 0x0000000000019b36 ucs_async_thread_ev_handler()  /tmp/ebuser/avx2/UCX/1.14.1/GCCcore-12.3.0/ucx-1.14.1/src/ucs/async/thread.c:88
17 0x0000000000032301 ucs_event_set_wait()  /tmp/ebuser/avx2/UCX/1.14.1/GCCcore-12.3.0/ucx-1.14.1/src/ucs/sys/event_set.c:215
18 0x000000000001a220 ucs_async_thread_func()  /tmp/ebuser/avx2/UCX/1.14.1/GCCcore-12.3.0/ucx-1.14.1/src/ucs/async/thread.c:131
19 0x0000000000084a9d pthread_condattr_setpshared()  ???:0
20 0x0000000000104fc0 __clone()  ???:0
=================================
[nc31308:734367] *** Process received signal ***
[nc31308:734367] Signal: Aborted (6)
[nc31308:734367] Signal code:  (-6)
[nc31308:734367] [ 0] /cvmfs/soft.computecanada.ca/gentoo/2023/x86-64-v3/usr/lib64/libc.so.6(+0x38790)[0x14644fb0f790]
[nc31308:734367] [ 1] /cvmfs/soft.computecanada.ca/gentoo/2023/x86-64-v3/usr/lib64/libc.so.6(+0x867ac)[0x14644fb5d7ac]
[nc31308:734367] [ 2] /cvmfs/soft.computecanada.ca/gentoo/2023/x86-64-v3/usr/lib64/libc.so.6(gsignal+0x12)[0x14644fb0f6f2]
[nc31308:734367] [ 3] /cvmfs/soft.computecanada.ca/gentoo/2023/x86-64-v3/usr/lib64/libc.so.6(abort+0xd3)[0x14644faf94b2]
[nc31308:734367] [ 4] /cvmfs/soft.computecanada.ca/easybuild/software/2023/x86-64-v3/Compiler/gcccore/ucx/1.14.1/lib/libucs.so.0(+0x26e2b)[0x14642d0bde2b]
[nc31308:734367] [ 5] /cvmfs/soft.computecanada.ca/easybuild/software/2023/x86-64-v3/Compiler/gcccore/ucx/1.14.1/lib/libucs.so.0(+0x26f11)[0x14642d0bdf11]
[nc31308:734367] [ 6] /cvmfs/soft.computecanada.ca/easybuild/software/2023/x86-64-v3/Compiler/gcccore/ucx/1.14.1/lib/ucx/libuct_ib.so.0(uct_ib_iface_fill_ah_attr_from_gid_lid+0x1b0)[0x14642c35c2d0]
[nc31308:734367] [ 7] /cvmfs/soft.computecanada.ca/easybuild/software/2023/x86-64-v3/Compiler/gcccore/ucx/1.14.1/lib/ucx/libuct_ib.so.0(uct_ib_iface_fill_ah_attr_from_addr+0x61)[0x14642c35c341]
[nc31308:734367] [ 8] /cvmfs/soft.computecanada.ca/easybuild/software/2023/x86-64-v3/Compiler/gcccore/ucx/1.14.1/lib/ucx/libuct_ib.so.0(uct_ud_mlx5_iface_get_av+0x56)[0x14642c3a1426]
[nc31308:734367] [ 9] /cvmfs/soft.computecanada.ca/easybuild/software/2023/x86-64-v3/Compiler/gcccore/ucx/1.14.1/lib/ucx/libuct_ib.so.0(+0x638f8)[0x14642c3a18f8]
[nc31308:734367] [10] /cvmfs/soft.computecanada.ca/easybuild/software/2023/x86-64-v3/Compiler/gcccore/ucx/1.14.1/lib/ucx/libuct_ib.so.0(uct_ud_iface_cep_get_peer_address+0x13)[0x14642c397f23]
[nc31308:734367] [11] /cvmfs/soft.computecanada.ca/easybuild/software/2023/x86-64-v3/Compiler/gcccore/ucx/1.14.1/lib/ucx/libuct_ib.so.0(uct_ud_iface_cep_get_ep+0x5a)[0x14642c39814a]
[nc31308:734367] [12] /cvmfs/soft.computecanada.ca/easybuild/software/2023/x86-64-v3/Compiler/gcccore/ucx/1.14.1/lib/ucx/libuct_ib.so.0(uct_ud_ep_process_rx+0x368)[0x14642c39bdc8]
[nc31308:734367] [13] /cvmfs/soft.computecanada.ca/easybuild/software/2023/x86-64-v3/Compiler/gcccore/ucx/1.14.1/lib/ucx/libuct_ib.so.0(+0x67b12)[0x14642c3a5b12]
[nc31308:734367] [14] /cvmfs/soft.computecanada.ca/easybuild/software/2023/x86-64-v3/Compiler/gcccore/ucx/1.14.1/lib/ucx/libuct_ib.so.0(+0x635db)[0x14642c3a15db]
[nc31308:734367] [15] /cvmfs/soft.computecanada.ca/easybuild/software/2023/x86-64-v3/Compiler/gcccore/ucx/1.14.1/lib/libucs.so.0(+0x170ec)[0x14642d0ae0ec]
[nc31308:734367] [16] /cvmfs/soft.computecanada.ca/easybuild/software/2023/x86-64-v3/Compiler/gcccore/ucx/1.14.1/lib/libucs.so.0(ucs_async_dispatch_handlers+0x3c)[0x14642d0ae1fc]
[nc31308:734367] [17] /cvmfs/soft.computecanada.ca/easybuild/software/2023/x86-64-v3/Compiler/gcccore/ucx/1.14.1/lib/libucs.so.0(+0x19b36)[0x14642d0b0b36]
[nc31308:734367] [18] /cvmfs/soft.computecanada.ca/easybuild/software/2023/x86-64-v3/Compiler/gcccore/ucx/1.14.1/lib/libucs.so.0(ucs_event_set_wait+0xb1)[0x14642d0c9301]
[nc31308:734367] [19] /cvmfs/soft.computecanada.ca/easybuild/software/2023/x86-64-v3/Compiler/gcccore/ucx/1.14.1/lib/libucs.so.0(+0x1a220)[0x14642d0b1220]
[nc31308:734367] [20] /cvmfs/soft.computecanada.ca/gentoo/2023/x86-64-v3/usr/lib64/libc.so.6(+0x84a9d)[0x14644fb5ba9d]
[nc31308:734367] [21] /cvmfs/soft.computecanada.ca/gentoo/2023/x86-64-v3/usr/lib64/libc.so.6(__clone+0x40)[0x14644fbdbfc0]
[nc31308:734367] *** End of error message ***
/cvmfs/soft.computecanada.ca/easybuild/software/2023/x86-64-v3/Compiler/gcccore/python/3.11.5/lib/python3.11/contextlib.py:144: UserWarning: Creating scratch directories is taking a surprisingly long time. (1.86s) This is often due to running workers on a network file system. Consider specifying a local-directory to point workers to write scratch data to a local disk.
slurmstepd: error: *** JOB 32077432 ON nc31308 CANCELLED AT 2024-07-26T17:08:01 DUE TO TIME LIMIT ***
