Building DAG of jobs...
Using shell: /cvmfs/soft.computecanada.ca/gentoo/2023/x86-64-v3/usr/bin/bash
Provided cores: 15
Rules claiming more threads will be scaled down.
Provided resources: mem_mb=60000, mem_mib=57221, disk_mb=1000, disk_mib=954, time=5
Select jobs to execute...
Execute 1 jobs...

[Fri Jul 26 13:47:34 2024]
localrule concat_diag_ref_prop:
    input: /project/ctb-frigon/oumou/ESPO-G6-SNAKEMAKE/diagnostics/south_nodup/ECMW-ERA5-Land_NAM/diag-ref-prop_ECMW-ERA5-Land_NAM_south_nodup.zarr, /project/ctb-frigon/oumou/ESPO-G6-SNAKEMAKE/diagnostics/middle_nodup/ECMW-ERA5-Land_NAM/diag-ref-prop_ECMW-ERA5-Land_NAM_middle_nodup.zarr, /project/ctb-frigon/oumou/ESPO-G6-SNAKEMAKE/diagnostics/north_nodup/ECMW-ERA5-Land_NAM/diag-ref-prop_ECMW-ERA5-Land_NAM_north_nodup.zarr
    output: /project/ctb-frigon/oumou/ESPO-G6-SNAKEMAKE/diagnostics/NAM/ECMWF-ERA5-Land_NAM/diag-ref-prop_ECMWF-ERA5-Land_NAM.zar
    jobid: 0
    reason: Forced execution
    threads: 15
    resources: mem_mb=60000, mem_mib=57221, disk_mb=1000, disk_mib=954, tmpdir=/tmp, qos=high_priority, time=5

2024-07-26 13:47:38 INFO     xscen           Contenating diag-ref-prop.
/home/oumou/.local/lib/python3.11/site-packages/xarray/backends/plugins.py:159: RuntimeWarning: 'netcdf4' fails while guessing
/home/oumou/.local/lib/python3.11/site-packages/xarray/backends/plugins.py:159: RuntimeWarning: 'h5netcdf' fails while guessing
/home/oumou/.local/lib/python3.11/site-packages/xarray/backends/plugins.py:159: RuntimeWarning: 'scipy' fails while guessing
[Fri Jul 26 13:47:40 2024]
Finished job 0.
1 of 1 steps (100%) done
Storing output in storage.
