Building DAG of jobs...
Using shell: /cvmfs/soft.computecanada.ca/gentoo/2023/x86-64-v3/usr/bin/bash
Provided cores: 12
Rules claiming more threads will be scaled down.
Provided resources: mem_mb=60000, mem_mib=57221, disk_mb=1000, disk_mib=954, time=5
Select jobs to execute...
Execute 1 jobs...

[Fri Jul 26 13:49:55 2024]
localrule train:
    input: /project/ctb-frigon/oumou/ESPO-G6-SNAKEMAKE/reference/ref_south_nodup_noleap.zarr, /project/ctb-frigon/oumou/ESPO-G6-SNAKEMAKE/reference/ref_south_nodup_360_day.zarr, /scratch/oumou/ESPO-G6-SNAKEMAKE/ESPO-G_workdir/CMIP6_ScenarioMIP_AS-RCEC_TaiESM1_ssp585_r1i1p1f1_global_south_nodup_regchunked.zarr
    output: /scratch/oumou/ESPO-G6-SNAKEMAKE/ESPO-G_workdir/CMIP6_ScenarioMIP_AS-RCEC_TaiESM1_ssp585_r1i1p1f1_global_south_nodup_dtr_training.zarr
    jobid: 0
    reason: Forced execution
    wildcards: sim_id=CMIP6_ScenarioMIP_AS-RCEC_TaiESM1_ssp585_r1i1p1f1_global, region=south_nodup, var=dtr
    threads: 12
    resources: mem_mb=60000, mem_mib=57221, disk_mb=1000, disk_mib=954, tmpdir=/tmp, qos=high_priority, time=5

/home/oumou/.local/lib/python3.11/site-packages/distributed/node.py:182: UserWarning: Port 2051 is already in use.
Perhaps you already have a cluster running?
Hosting the HTTP server on port 45825 instead
/cvmfs/soft.computecanada.ca/easybuild/software/2023/x86-64-v3/Compiler/gcccore/python/3.11.5/lib/python3.11/contextlib.py:144: UserWarning: Creating scratch directories is taking a surprisingly long time. (1.04s) This is often due to running workers on a network file system. Consider specifying a local-directory to point workers to write scratch data to a local disk.
/cvmfs/soft.computecanada.ca/easybuild/software/2023/x86-64-v3/Compiler/gcccore/python/3.11.5/lib/python3.11/contextlib.py:144: UserWarning: Creating scratch directories is taking a surprisingly long time. (1.28s) This is often due to running workers on a network file system. Consider specifying a local-directory to point workers to write scratch data to a local disk.
/cvmfs/soft.computecanada.ca/easybuild/software/2023/x86-64-v3/Compiler/gcccore/python/3.11.5/lib/python3.11/contextlib.py:144: UserWarning: Creating scratch directories is taking a surprisingly long time. (1.43s) This is often due to running workers on a network file system. Consider specifying a local-directory to point workers to write scratch data to a local disk.
/cvmfs/soft.computecanada.ca/easybuild/software/2023/x86-64-v3/Compiler/gcccore/python/3.11.5/lib/python3.11/contextlib.py:144: UserWarning: Creating scratch directories is taking a surprisingly long time. (8.10s) This is often due to running workers on a network file system. Consider specifying a local-directory to point workers to write scratch data to a local disk.
2024-07-26 13:50:12 INFO     xscen           Started process train dtr.
/home/oumou/.local/lib/python3.11/site-packages/distributed/client.py:3161: UserWarning: Sending large graph of size 124.88 MiB.
This may cause some slowdown.
Consider scattering data ahead of time and using futures.
2024-07-26 13:51:38 INFO     xscen           Process train dtr done in 85.91 s
[Fri Jul 26 13:51:40 2024]
Finished job 0.
1 of 1 steps (100%) done
Storing output in storage.
