Building DAG of jobs...
Using shell: /cvmfs/soft.computecanada.ca/gentoo/2023/x86-64-v3/usr/bin/bash
Provided cores: 10
Rules claiming more threads will be scaled down.
Provided resources: mem_mb=50000, mem_mib=47684, disk_mb=1000, disk_mib=954, time=5
Select jobs to execute...
Execute 1 jobs...

[Fri Jul 26 13:03:02 2024]
localrule diagnostics:
    input: /project/ctb-frigon/oumou/ESPO-G6-SNAKEMAKE/reference/ref_north_nodup_default.zarr
    output: /project/ctb-frigon/oumou/ESPO-G6-SNAKEMAKE/diagnostics/north_nodup/ECMW-ERA5-Land_NAM/diag-ref-prop_ECMW-ERA5-Land_NAM_north_nodup.zarr
    jobid: 0
    reason: Forced execution
    wildcards: region=north_nodup
    threads: 10
    resources: mem_mb=50000, mem_mib=47684, disk_mb=1000, disk_mib=954, tmpdir=/tmp, qos=high_priority, time=5

/home/oumou/.local/lib/python3.11/site-packages/distributed/node.py:182: UserWarning: Port 2051 is already in use.
Perhaps you already have a cluster running?
Hosting the HTTP server on port 40267 instead
/cvmfs/soft.computecanada.ca/easybuild/software/2023/x86-64-v3/Compiler/gcccore/python/3.11.5/lib/python3.11/contextlib.py:144: UserWarning: Creating scratch directories is taking a surprisingly long time. (1.17s) This is often due to running workers on a network file system. Consider specifying a local-directory to point workers to write scratch data to a local disk.
2024-07-26 13:03:12 INFO     xscen           debut open_dataset
2024-07-26 13:03:12 INFO     xscen           fin open_dataset
2024-07-26 13:03:12 INFO     xscen.utils     Dataset unstacked using /project/ctb-frigon/oumou/ESPO-G6-SNAKEMAKE/coords/coords_north_nodup_40x101.nc.
/home/oumou/.local/lib/python3.11/site-packages/xscen/utils.py:451: FutureWarning: the `pandas.MultiIndex` object(s) passed as 'loc' coordinate(s) or data variable(s) will no longer be implicitly promoted and wrapped into multiple indexed coordinates in the future (i.e., one coordinate for each multi-index level + one dimension coordinate). If you want to keep this behavior, you need to first wrap it explicitly using `mindex_coords = xarray.Coordinates.from_pandas_multiindex(mindex_obj, 'dim')` and pass it as coordinates, e.g., `xarray.Dataset(coords=mindex_coords)`, `dataset.assign_coords(mindex_coords)` or `dataarray.assign_coords(mindex_coords)`.
2024-07-26 13:03:12 INFO     xscen.diagnostics 1 - Computing mean-tasmax.
/home/oumou/.local/lib/python3.11/site-packages/xclim/core/cfchecks.py:42: UserWarning: Variable has a non-conforming cell_methods: Got `time: point`, which do not include the expected `time: maximum`
2024-07-26 13:03:12 INFO     xscen.diagnostics 2 - Computing mean-tasmin.
/home/oumou/.local/lib/python3.11/site-packages/xclim/core/cfchecks.py:42: UserWarning: Variable has a non-conforming cell_methods: Got `time: point`, which do not include the expected `time: minimum`
2024-07-26 13:03:12 INFO     xscen.diagnostics 3 - Computing mean-pr.
[Fri Jul 26 13:03:14 2024]
Finished job 0.
1 of 1 steps (100%) done
Storing output in storage.
