Building DAG of jobs...
Using shell: /cvmfs/soft.computecanada.ca/gentoo/2023/x86-64-v3/usr/bin/bash
Provided cores: 1 (use --cores to define parallelism)
Rules claiming more threads will be scaled down.
Provided resources: mem_mb=4768, mem_mib=954, disk_mb=1000, disk_mib=954, time=120, n_workers=2
Select jobs to execute...
Execute 1 jobs...

[Mon Aug 12 10:04:26 2024]
localrule reference_DEFAULT:
    output: /project/ctb-frigon/oumou/ESPO-G6-SNAKEMAKE/reference/ref_south_nodup_default.zarr
    jobid: 0
    reason: Forced execution
    wildcards: region=south_nodup
    resources: mem_mb=4768, mem_mib=954, disk_mb=1000, disk_mib=954, tmpdir=/tmp, qos=high_priority, mem=5GB, time=120, n_workers=2

/home/oumou/.local/lib/python3.11/site-packages/distributed/deploy/local.py:154: UserWarning: Setting `threads_per_worker` to 0 has been deprecated. Please set to None or to a specific int.
/home/oumou/.local/lib/python3.11/site-packages/distributed/node.py:182: UserWarning: Port 2051 is already in use.
Perhaps you already have a cluster running?
Hosting the HTTP server on port 35695 instead
2024-08-12 10:05:19 INFO     xscen.extract   Catalog opened: <reconstruction catalog with 4 dataset(s) from 6834 asset(s)> from 1 files.
/home/oumou/.local/lib/python3.11/site-packages/xclim/core/indicator.py:255: UserWarning: Class conversions.WIND_SPEED_FROM_VECTOR already exists and will be overwritten.
/home/oumou/.local/lib/python3.11/site-packages/xclim/core/indicator.py:255: UserWarning: Class conversions.WIND_VECTOR_FROM_SPEED already exists and will be overwritten.
/home/oumou/.local/lib/python3.11/site-packages/xclim/core/indicator.py:255: UserWarning: Class conversions.TAS_MIDPOINT already exists and will be overwritten.
/home/oumou/.local/lib/python3.11/site-packages/xclim/core/indicator.py:255: UserWarning: Class conversions.RELATIVE_HUMIDITY_FROM_DEWPOINT already exists and will be overwritten.
/home/oumou/.local/lib/python3.11/site-packages/xclim/core/indicator.py:255: UserWarning: Class conversions.SPECIFIC_HUMIDITY already exists and will be overwritten.
/home/oumou/.local/lib/python3.11/site-packages/xclim/core/indicator.py:255: UserWarning: Class conversions.SNOWFALL_APPROXIMATION already exists and will be overwritten.
/home/oumou/.local/lib/python3.11/site-packages/xclim/core/indicator.py:255: UserWarning: Class conversions.RAIN_APPROXIMATION already exists and will be overwritten.
/home/oumou/.local/lib/python3.11/site-packages/xclim/core/indicator.py:255: UserWarning: Class conversions.PRECIPITATION already exists and will be overwritten.
/home/oumou/.local/lib/python3.11/site-packages/xclim/core/indicator.py:255: UserWarning: Class conversions.POTENTIAL_EVAPOTRANSPIRATION already exists and will be overwritten.
/home/oumou/.local/lib/python3.11/site-packages/xclim/core/indicator.py:255: UserWarning: Class conversions.DTR already exists and will be overwritten.
/home/oumou/.local/lib/python3.11/site-packages/xclim/core/indicator.py:255: UserWarning: Class conversions.TASMIN_FROM_DTR already exists and will be overwritten.
/home/oumou/.local/lib/python3.11/site-packages/xclim/core/indicator.py:255: UserWarning: Class conversions.TASMAX_FROM_DTR already exists and will be overwritten.
2024-08-12 10:05:19 INFO     xscen.extract   6826 assets matched the criteria : {'source': 'ERA5-Land'}.
2024-08-12 10:05:19 INFO     xscen.extract   Iterating over 1 potential datasets.
2024-08-12 10:05:19 DEBUG    xscen.extract   At var tasmax, after search cat has []
2024-08-12 10:05:19 DEBUG    xscen.extract   At var tasmin, after search cat has []
2024-08-12 10:05:19 DEBUG    xscen.extract   At var pr, after search cat has []
2024-08-12 10:05:19 DEBUG    xscen.extract   At var dtr, after search cat has ['dtr']
2024-08-12 10:05:19 INFO     xscen.extract   Found 1 with all variables requested and corresponding to the criteria.
slurmstepd: error: *** JOB 32789877 ON nc31321 CANCELLED AT 2024-08-12T16:03:59 DUE TO TIME LIMIT ***
